[06-Apr-2022 13:00:18 America/Argentina/Buenos_Aires] 2022-04-06 13:00:18.524468 | sql102.byethost16.com:3306
[06-Apr-2022 13:01:08 America/Argentina/Buenos_Aires] 2022-04-06 13:01:08.397709 | sql102.byethost16.com:3306
[06-Apr-2022 13:01:25 America/Argentina/Buenos_Aires] 2022-04-06 13:01:25.897049 | sql102.byethost16.com:3306
[06-Apr-2022 13:01:25 America/Argentina/Buenos_Aires] 2022-04-06 13:01:25.916669 | incrustando Cors
[06-Apr-2022 13:01:25 America/Argentina/Buenos_Aires] 2022-04-06 13:01:25.922323 | Usuario
[06-Apr-2022 13:01:25 America/Argentina/Buenos_Aires] 2022-04-06 13:01:25.922721 | Authstat
[06-Apr-2022 13:01:25 America/Argentina/Buenos_Aires] PHP Warning:  Use of undefined constant MAXIMO_REGISTROS_POR_CONSULTA_CONSOLA - assumed 'MAXIMO_REGISTROS_POR_CONSULTA_CONSOLA' (this will throw an Error in a future version of PHP) in /home/vol8_1/byethost16.com/b16_31458418/htdocs/app/models/model.php on line 154
[06-Apr-2022 13:01:25 America/Argentina/Buenos_Aires] 2022-04-06 13:01:25.924890 | Usuarios encontradas 0
[06-Apr-2022 13:04:28 America/Argentina/Buenos_Aires] 2022-04-06 13:04:28.108640 | sql102.byethost16.com:3306
[06-Apr-2022 13:04:28 America/Argentina/Buenos_Aires] 2022-04-06 13:04:28.142637 | incrustando Cors
[06-Apr-2022 13:04:28 America/Argentina/Buenos_Aires] PHP Notice:  Undefined index: token in /home/vol8_1/byethost16.com/b16_31458418/htdocs/app/Http/Middleware/Edisoft.php on line 26
[06-Apr-2022 13:04:28 America/Argentina/Buenos_Aires] [2022-04-06 13:04:28] local.ERROR: Argument 1 passed to Symfony\Component\HttpFoundation\Response::setStatusCode() must be of the type int, string given, called in /home/vol8_1/byethost16.com/b16_31458418/htdocs/vendor/laravel/framework/src/Illuminate/Http/Response.php on line 35 {"exception":"[object] (TypeError(code: 0): Argument 1 passed to Symfony\\Component\\HttpFoundation\\Response::setStatusCode() must be of the type int, string given, called in /home/vol8_1/byethost16.com/b16_31458418/htdocs/vendor/laravel/framework/src/Illuminate/Http/Response.php on line 35 at /home/vol8_1/byethost16.com/b16_31458418/htdocs/vendor/symfony/http-foundation/Response.php:465)
[stacktrace]
#0 /home/vol8_1/byethost16.com/b16_31458418/htdocs/vendor/laravel/framework/src/Illuminate/Http/Response.php(35): Symfony\\Component\\HttpFoundation\\Response->setStatusCode('Falta el parame...')
#1 /home/vol8_1/byethost16.com/b16_31458418/htdocs/vendor/laravel/framework/src/Illuminate/Routing/ResponseFactory.php(55): Illuminate\\Http\\Response->__construct(false, 'Falta el parame...', Array)
#2 /home/vol8_1/byethost16.com/b16_31458418/htdocs/vendor/laravel/framework/src/Illuminate/Foundation/helpers.php(753): Illuminate\\Routing\\ResponseFactory->make(false, 'Falta el parame...', Array)
#3 /home/vol8_1/byethost16.com/b16_31458418/htdocs/app/Http/Middleware/Edisoft.php(32): response(false, 'Falta el parame...', Array)
#4 /home/vol8_1/byethost16.com/b16_31458418/htdocs/vendor/laravel/framework/src/Illuminate/Pipeline/Pipeline.php(167): App\\Http\\Middleware\\Edisoft->handle(Object(Illuminate\\Http\\Request), Object(Closure))
#5 /home/vol8_1/byethost16.com/b16_31458418/htdocs/app/Http/Middleware/Cors.php(9): Illuminate\\Pipeline\\Pipeline->Illuminate\\Pipeline\\{closure}(Object(Illuminate\\Http\\Request))
#6 /home/vol8_1/byethost16.com/b16_31458418/htdocs/vendor/laravel/framework/src/Illuminate/Pipeline/Pipeline.php(167): App\\Http\\Middleware\\Cors->handle(Object(Illuminate\\Http\\Request), Object(Closure))
#7 /home/vol8_1/byethost16.com/b16_31458418/htdocs/vendor/laravel/framework/src/Illuminate/Pipeline/Pipeline.php(103): Illuminate\\Pipeline\\Pipeline->Illuminate\\Pipeline\\{closure}(Object(Illuminate\\Http\\Request))
#8 /home/vol8_1/byethost16.com/b16_31458418/htdocs/vendor/laravel/framework/src/Illuminate/Routing/Router.php(687): Illuminate\\Pipeline\\Pipeline->then(Object(Closure))
#9 /home/vol8_1/byethost16.com/b16_31458418/htdocs/vendor/laravel/framework/src/Illuminate/Routing/Router.php(662): Illuminate\\Routing\\Router->runRouteWithinStack(Object(Illuminate\\Routing\\Route), Object(Illuminate\\Http\\Request))
#10 /home/vol8_1/byethost16.com/b16_31458418/htdocs/vendor/laravel/framework/src/Illuminate/Routing/Router.php(628): Illuminate\\Routing\\Router->runRoute(Object(Illuminate\\Http\\Request), Object(Illuminate\\Routing\\Route))
#11 /home/vol8_1/byethost16.com/b16_31458418/htdocs/vendor/laravel/framework/src/Illuminate/Routing/Router.php(617): Illuminate\\Routing\\Router->dispatchToRoute(Object(Illuminate\\Http\\Request))
#12 /home/vol8_1/byethost16.com/b16_31458418/htdocs/vendor/laravel/framework/src/Illuminate/Foundation/Http/Kernel.php(165): Illuminate\\Routing\\Router->dispatch(Object(Illuminate\\Http\\Request))
#13 /home/vol8_1/byethost16.com/b16_31458418/htdocs/vendor/laravel/framework/src/Illuminate/Pipeline/Pipeline.php(128): Illuminate\\Foundation\\Http\\Kernel->Illuminate\\Foundation\\Http\\{closure}(Object(Illuminate\\Http\\Request))
#14 /home/vol8_1/byethost16.com/b16_31458418/htdocs/vendor/laravel/framework/src/Illuminate/Foundation/Http/Middleware/TransformsRequest.php(21): Illuminate\\Pipeline\\Pipeline->Illuminate\\Pipeline\\{closure}(Object(Illuminate\\Http\\Request))
#15 /home/vol8_1/byethost16.com/b16_31458418/htdocs/vendor/laravel/framework/src/Illuminate/Pipeline/Pipeline.php(167): Illuminate\\Foundation\\Http\\Middleware\\TransformsRequest->handle(Object(Illuminate\\Http\\Request), Object(Closure))
#16 /home/vol8_1/byethost16.com/b16_31458418/htdocs/vendor/laravel/framework/src/Illuminate/Foundation/Http/Middleware/TransformsRequest.php(21): Illuminate\\Pipeline\\Pipeline->Illuminate\\Pipeline\\{closure}(Object(Illuminate\\Http\\Request))
#17 /home/vol8_1/byethost16.com/b16_31458418/htdocs/vendor/laravel/framework/src/Illuminate/Pipeline/Pipeline.php(167): Illuminate\\Foundation\\Http\\Middleware\\TransformsRequest->handle(Object(Illuminate\\Http\\Request), Object(Closure))
#18 /home/vol8_1/byethost16.com/b16_31458418/htdocs/vendor/laravel/framework/src/Illuminate/Foundation/Http/Middleware/ValidatePostSize.php(27): Illuminate\\Pipeline\\Pipeline->Illuminate\\Pipeline\\{closure}(Object(Illuminate\\Http\\Request))
#19 /home/vol8_1/byethost16.com/b16_31458418/htdocs/vendor/laravel/framework/src/Illuminate/Pipeline/Pipeline.php(167): Illuminate\\Foundation\\Http\\Middleware\\ValidatePostSize->handle(Object(Illuminate\\Http\\Request), Object(Closure))
#20 /home/vol8_1/byethost16.com/b16_31458418/htdocs/vendor/laravel/framework/src/Illuminate/Foundation/Http/Middleware/CheckForMaintenanceMode.php(63): Illuminate\\Pipeline\\Pipeline->Illuminate\\Pipeline\\{closure}(Object(Illuminate\\Http\\Request))
#21 /home/vol8_1/byethost16.com/b16_31458418/htdocs/vendor/laravel/framework/src/Illuminate/Pipeline/Pipeline.php(167): Illuminate\\Foundation\\Http\\Middleware\\CheckForMaintenanceMode->handle(Object(Illuminate\\Http\\Request), Object(Closure))
#22 /home/vol8_1/byethost16.com/b16_31458418/htdocs/vendor/fruitcake/laravel-cors/src/HandleCors.php(37): Illuminate\\Pipeline\\Pipeline->Illuminate\\Pipeline\\{closure}(Object(Illuminate\\Http\\Request))
#23 /home/vol8_1/byethost16.com/b16_31458418/htdocs/vendor/laravel/framework/src/Illuminate/Pipeline/Pipeline.php(167): Fruitcake\\Cors\\HandleCors->handle(Object(Illuminate\\Http\\Request), Object(Closure))
#24 /home/vol8_1/byethost16.com/b16_31458418/htdocs/vendor/fideloper/proxy/src/TrustProxies.php(57): Illuminate\\Pipeline\\Pipeline->Illuminate\\Pipeline\\{closure}(Object(Illuminate\\Http\\Request))
#25 /home/vol8_1/byethost16.com/b16_31458418/htdocs/vendor/laravel/framework/src/Illuminate/Pipeline/Pipeline.php(167): Fideloper\\Proxy\\TrustProxies->handle(Object(Illuminate\\Http\\Request), Object(Closure))
#26 /home/vol8_1/byethost16.com/b16_31458418/htdocs/vendor/laravel/framework/src/Illuminate/Pipeline/Pipeline.php(103): Illuminate\\Pipeline\\Pipeline->Illuminate\\Pipeline\\{closure}(Object(Illuminate\\Http\\Request))
#27 /home/vol8_1/byethost16.com/b16_31458418/htdocs/vendor/laravel/framework/src/Illuminate/Foundation/Http/Kernel.php(140): Illuminate\\Pipeline\\Pipeline->then(Object(Closure))
#28 /home/vol8_1/byethost16.com/b16_31458418/htdocs/vendor/laravel/framework/src/Illuminate/Foundation/Http/Kernel.php(109): Illuminate\\Foundation\\Http\\Kernel->sendRequestThroughRouter(Object(Illuminate\\Http\\Request))
#29 /home/vol8_1/byethost16.com/b16_31458418/htdocs/public/index.php(57): Illuminate\\Foundation\\Http\\Kernel->handle(Object(Illuminate\\Http\\Request))
#30 /home/vol8_1/byethost16.com/b16_31458418/htdocs/index.php(9): include_once('/home/vol8_1/by...')
#31 {main}
"} 

[06-Apr-2022 13:04:28 America/Argentina/Buenos_Aires] 2022-04-06 13:04:28.168665 | Livewire\Exceptions\ComponentNotFoundException
[06-Apr-2022 13:04:28 America/Argentina/Buenos_Aires] 2022-04-06 13:04:28.169141 | Livewire\Exceptions\ComponentNotFoundException
[06-Apr-2022 13:04:28 America/Argentina/Buenos_Aires] 2022-04-06 13:04:28.169780 | Laravel\Telescope\Telescope
[06-Apr-2022 13:04:52 America/Argentina/Buenos_Aires] 2022-04-06 13:04:52.451378 | sql102.byethost16.com:3306
[06-Apr-2022 13:04:52 America/Argentina/Buenos_Aires] 2022-04-06 13:04:52.472455 | incrustando Cors
[06-Apr-2022 13:04:52 America/Argentina/Buenos_Aires] PHP Notice:  Undefined index: token in /home/vol8_1/byethost16.com/b16_31458418/htdocs/app/Http/Middleware/Edisoft.php on line 26
[06-Apr-2022 13:04:52 America/Argentina/Buenos_Aires] [2022-04-06 13:04:52] local.ERROR: Argument 1 passed to Symfony\Component\HttpFoundation\Response::setStatusCode() must be of the type int, string given, called in /home/vol8_1/byethost16.com/b16_31458418/htdocs/vendor/laravel/framework/src/Illuminate/Http/Response.php on line 35 {"exception":"[object] (TypeError(code: 0): Argument 1 passed to Symfony\\Component\\HttpFoundation\\Response::setStatusCode() must be of the type int, string given, called in /home/vol8_1/byethost16.com/b16_31458418/htdocs/vendor/laravel/framework/src/Illuminate/Http/Response.php on line 35 at /home/vol8_1/byethost16.com/b16_31458418/htdocs/vendor/symfony/http-foundation/Response.php:465)
[stacktrace]
#0 /home/vol8_1/byethost16.com/b16_31458418/htdocs/vendor/laravel/framework/src/Illuminate/Http/Response.php(35): Symfony\\Component\\HttpFoundation\\Response->setStatusCode('Falta el parame...')
#1 /home/vol8_1/byethost16.com/b16_31458418/htdocs/vendor/laravel/framework/src/Illuminate/Routing/ResponseFactory.php(55): Illuminate\\Http\\Response->__construct(false, 'Falta el parame...', Array)
#2 /home/vol8_1/byethost16.com/b16_31458418/htdocs/vendor/laravel/framework/src/Illuminate/Foundation/helpers.php(753): Illuminate\\Routing\\ResponseFactory->make(false, 'Falta el parame...', Array)
#3 /home/vol8_1/byethost16.com/b16_31458418/htdocs/app/Http/Middleware/Edisoft.php(32): response(false, 'Falta el parame...', Array)
#4 /home/vol8_1/byethost16.com/b16_31458418/htdocs/vendor/laravel/framework/src/Illuminate/Pipeline/Pipeline.php(167): App\\Http\\Middleware\\Edisoft->handle(Object(Illuminate\\Http\\Request), Object(Closure))
#5 /home/vol8_1/byethost16.com/b16_31458418/htdocs/app/Http/Middleware/Cors.php(9): Illuminate\\Pipeline\\Pipeline->Illuminate\\Pipeline\\{closure}(Object(Illuminate\\Http\\Request))
#6 /home/vol8_1/byethost16.com/b16_31458418/htdocs/vendor/laravel/framework/src/Illuminate/Pipeline/Pipeline.php(167): App\\Http\\Middleware\\Cors->handle(Object(Illuminate\\Http\\Request), Object(Closure))
#7 /home/vol8_1/byethost16.com/b16_31458418/htdocs/vendor/laravel/framework/src/Illuminate/Pipeline/Pipeline.php(103): Illuminate\\Pipeline\\Pipeline->Illuminate\\Pipeline\\{closure}(Object(Illuminate\\Http\\Request))
#8 /home/vol8_1/byethost16.com/b16_31458418/htdocs/vendor/laravel/framework/src/Illuminate/Routing/Router.php(687): Illuminate\\Pipeline\\Pipeline->then(Object(Closure))
#9 /home/vol8_1/byethost16.com/b16_31458418/htdocs/vendor/laravel/framework/src/Illuminate/Routing/Router.php(662): Illuminate\\Routing\\Router->runRouteWithinStack(Object(Illuminate\\Routing\\Route), Object(Illuminate\\Http\\Request))
#10 /home/vol8_1/byethost16.com/b16_31458418/htdocs/vendor/laravel/framework/src/Illuminate/Routing/Router.php(628): Illuminate\\Routing\\Router->runRoute(Object(Illuminate\\Http\\Request), Object(Illuminate\\Routing\\Route))
#11 /home/vol8_1/byethost16.com/b16_31458418/htdocs/vendor/laravel/framework/src/Illuminate/Routing/Router.php(617): Illuminate\\Routing\\Router->dispatchToRoute(Object(Illuminate\\Http\\Request))
#12 /home/vol8_1/byethost16.com/b16_31458418/htdocs/vendor/laravel/framework/src/Illuminate/Foundation/Http/Kernel.php(165): Illuminate\\Routing\\Router->dispatch(Object(Illuminate\\Http\\Request))
#13 /home/vol8_1/byethost16.com/b16_31458418/htdocs/vendor/laravel/framework/src/Illuminate/Pipeline/Pipeline.php(128): Illuminate\\Foundation\\Http\\Kernel->Illuminate\\Foundation\\Http\\{closure}(Object(Illuminate\\Http\\Request))
#14 /home/vol8_1/byethost16.com/b16_31458418/htdocs/vendor/laravel/framework/src/Illuminate/Foundation/Http/Middleware/TransformsRequest.php(21): Illuminate\\Pipeline\\Pipeline->Illuminate\\Pipeline\\{closure}(Object(Illuminate\\Http\\Request))
#15 /home/vol8_1/byethost16.com/b16_31458418/htdocs/vendor/laravel/framework/src/Illuminate/Pipeline/Pipeline.php(167): Illuminate\\Foundation\\Http\\Middleware\\TransformsRequest->handle(Object(Illuminate\\Http\\Request), Object(Closure))
#16 /home/vol8_1/byethost16.com/b16_31458418/htdocs/vendor/laravel/framework/src/Illuminate/Foundation/Http/Middleware/TransformsRequest.php(21): Illuminate\\Pipeline\\Pipeline->Illuminate\\Pipeline\\{closure}(Object(Illuminate\\Http\\Request))
#17 /home/vol8_1/byethost16.com/b16_31458418/htdocs/vendor/laravel/framework/src/Illuminate/Pipeline/Pipeline.php(167): Illuminate\\Foundation\\Http\\Middleware\\TransformsRequest->handle(Object(Illuminate\\Http\\Request), Object(Closure))
#18 /home/vol8_1/byethost16.com/b16_31458418/htdocs/vendor/laravel/framework/src/Illuminate/Foundation/Http/Middleware/ValidatePostSize.php(27): Illuminate\\Pipeline\\Pipeline->Illuminate\\Pipeline\\{closure}(Object(Illuminate\\Http\\Request))
#19 /home/vol8_1/byethost16.com/b16_31458418/htdocs/vendor/laravel/framework/src/Illuminate/Pipeline/Pipeline.php(167): Illuminate\\Foundation\\Http\\Middleware\\ValidatePostSize->handle(Object(Illuminate\\Http\\Request), Object(Closure))
#20 /home/vol8_1/byethost16.com/b16_31458418/htdocs/vendor/laravel/framework/src/Illuminate/Foundation/Http/Middleware/CheckForMaintenanceMode.php(63): Illuminate\\Pipeline\\Pipeline->Illuminate\\Pipeline\\{closure}(Object(Illuminate\\Http\\Request))
#21 /home/vol8_1/byethost16.com/b16_31458418/htdocs/vendor/laravel/framework/src/Illuminate/Pipeline/Pipeline.php(167): Illuminate\\Foundation\\Http\\Middleware\\CheckForMaintenanceMode->handle(Object(Illuminate\\Http\\Request), Object(Closure))
#22 /home/vol8_1/byethost16.com/b16_31458418/htdocs/vendor/fruitcake/laravel-cors/src/HandleCors.php(37): Illuminate\\Pipeline\\Pipeline->Illuminate\\Pipeline\\{closure}(Object(Illuminate\\Http\\Request))
#23 /home/vol8_1/byethost16.com/b16_31458418/htdocs/vendor/laravel/framework/src/Illuminate/Pipeline/Pipeline.php(167): Fruitcake\\Cors\\HandleCors->handle(Object(Illuminate\\Http\\Request), Object(Closure))
#24 /home/vol8_1/byethost16.com/b16_31458418/htdocs/vendor/fideloper/proxy/src/TrustProxies.php(57): Illuminate\\Pipeline\\Pipeline->Illuminate\\Pipeline\\{closure}(Object(Illuminate\\Http\\Request))
#25 /home/vol8_1/byethost16.com/b16_31458418/htdocs/vendor/laravel/framework/src/Illuminate/Pipeline/Pipeline.php(167): Fideloper\\Proxy\\TrustProxies->handle(Object(Illuminate\\Http\\Request), Object(Closure))
#26 /home/vol8_1/byethost16.com/b16_31458418/htdocs/vendor/laravel/framework/src/Illuminate/Pipeline/Pipeline.php(103): Illuminate\\Pipeline\\Pipeline->Illuminate\\Pipeline\\{closure}(Object(Illuminate\\Http\\Request))
#27 /home/vol8_1/byethost16.com/b16_31458418/htdocs/vendor/laravel/framework/src/Illuminate/Foundation/Http/Kernel.php(140): Illuminate\\Pipeline\\Pipeline->then(Object(Closure))
#28 /home/vol8_1/byethost16.com/b16_31458418/htdocs/vendor/laravel/framework/src/Illuminate/Foundation/Http/Kernel.php(109): Illuminate\\Foundation\\Http\\Kernel->sendRequestThroughRouter(Object(Illuminate\\Http\\Request))
#29 /home/vol8_1/byethost16.com/b16_31458418/htdocs/public/index.php(57): Illuminate\\Foundation\\Http\\Kernel->handle(Object(Illuminate\\Http\\Request))
#30 /home/vol8_1/byethost16.com/b16_31458418/htdocs/index.php(9): include_once('/home/vol8_1/by...')
#31 {main}
"} 

[06-Apr-2022 13:04:52 America/Argentina/Buenos_Aires] 2022-04-06 13:04:52.497651 | Livewire\Exceptions\ComponentNotFoundException
[06-Apr-2022 13:04:52 America/Argentina/Buenos_Aires] 2022-04-06 13:04:52.498121 | Livewire\Exceptions\ComponentNotFoundException
[06-Apr-2022 13:04:52 America/Argentina/Buenos_Aires] 2022-04-06 13:04:52.498751 | Laravel\Telescope\Telescope
[06-Apr-2022 13:05:12 America/Argentina/Buenos_Aires] 2022-04-06 13:05:12.548284 | sql102.byethost16.com:3306
[06-Apr-2022 13:05:12 America/Argentina/Buenos_Aires] 2022-04-06 13:05:12.567639 | incrustando Cors
[06-Apr-2022 13:05:12 America/Argentina/Buenos_Aires] 2022-04-06 13:05:12.572962 | Usuario
[06-Apr-2022 13:05:12 America/Argentina/Buenos_Aires] 2022-04-06 13:05:12.573357 | Authstat
[06-Apr-2022 13:05:12 America/Argentina/Buenos_Aires] PHP Warning:  Use of undefined constant MAXIMO_REGISTROS_POR_CONSULTA_CONSOLA - assumed 'MAXIMO_REGISTROS_POR_CONSULTA_CONSOLA' (this will throw an Error in a future version of PHP) in /home/vol8_1/byethost16.com/b16_31458418/htdocs/app/models/model.php on line 154
[06-Apr-2022 13:05:12 America/Argentina/Buenos_Aires] 2022-04-06 13:05:12.575101 | Usuarios encontradas 0
[06-Apr-2022 13:05:26 America/Argentina/Buenos_Aires] 2022-04-06 13:05:26.865932 | sql102.byethost16.com:3306
[06-Apr-2022 13:05:26 America/Argentina/Buenos_Aires] 2022-04-06 13:05:26.897316 | incrustando Cors
[06-Apr-2022 13:05:26 America/Argentina/Buenos_Aires] PHP Notice:  Undefined index: token in /home/vol8_1/byethost16.com/b16_31458418/htdocs/app/Http/Middleware/Edisoft.php on line 26
[06-Apr-2022 13:05:26 America/Argentina/Buenos_Aires] [2022-04-06 13:05:26] local.ERROR: Argument 1 passed to Symfony\Component\HttpFoundation\Response::setStatusCode() must be of the type int, string given, called in /home/vol8_1/byethost16.com/b16_31458418/htdocs/vendor/laravel/framework/src/Illuminate/Http/Response.php on line 35 {"exception":"[object] (TypeError(code: 0): Argument 1 passed to Symfony\\Component\\HttpFoundation\\Response::setStatusCode() must be of the type int, string given, called in /home/vol8_1/byethost16.com/b16_31458418/htdocs/vendor/laravel/framework/src/Illuminate/Http/Response.php on line 35 at /home/vol8_1/byethost16.com/b16_31458418/htdocs/vendor/symfony/http-foundation/Response.php:465)
[stacktrace]
#0 /home/vol8_1/byethost16.com/b16_31458418/htdocs/vendor/laravel/framework/src/Illuminate/Http/Response.php(35): Symfony\\Component\\HttpFoundation\\Response->setStatusCode('Falta el parame...')
#1 /home/vol8_1/byethost16.com/b16_31458418/htdocs/vendor/laravel/framework/src/Illuminate/Routing/ResponseFactory.php(55): Illuminate\\Http\\Response->__construct(false, 'Falta el parame...', Array)
#2 /home/vol8_1/byethost16.com/b16_31458418/htdocs/vendor/laravel/framework/src/Illuminate/Foundation/helpers.php(753): Illuminate\\Routing\\ResponseFactory->make(false, 'Falta el parame...', Array)
#3 /home/vol8_1/byethost16.com/b16_31458418/htdocs/app/Http/Middleware/Edisoft.php(32): response(false, 'Falta el parame...', Array)
#4 /home/vol8_1/byethost16.com/b16_31458418/htdocs/vendor/laravel/framework/src/Illuminate/Pipeline/Pipeline.php(167): App\\Http\\Middleware\\Edisoft->handle(Object(Illuminate\\Http\\Request), Object(Closure))
#5 /home/vol8_1/byethost16.com/b16_31458418/htdocs/app/Http/Middleware/Cors.php(9): Illuminate\\Pipeline\\Pipeline->Illuminate\\Pipeline\\{closure}(Object(Illuminate\\Http\\Request))
#6 /home/vol8_1/byethost16.com/b16_31458418/htdocs/vendor/laravel/framework/src/Illuminate/Pipeline/Pipeline.php(167): App\\Http\\Middleware\\Cors->handle(Object(Illuminate\\Http\\Request), Object(Closure))
#7 /home/vol8_1/byethost16.com/b16_31458418/htdocs/vendor/laravel/framework/src/Illuminate/Pipeline/Pipeline.php(103): Illuminate\\Pipeline\\Pipeline->Illuminate\\Pipeline\\{closure}(Object(Illuminate\\Http\\Request))
#8 /home/vol8_1/byethost16.com/b16_31458418/htdocs/vendor/laravel/framework/src/Illuminate/Routing/Router.php(687): Illuminate\\Pipeline\\Pipeline->then(Object(Closure))
#9 /home/vol8_1/byethost16.com/b16_31458418/htdocs/vendor/laravel/framework/src/Illuminate/Routing/Router.php(662): Illuminate\\Routing\\Router->runRouteWithinStack(Object(Illuminate\\Routing\\Route), Object(Illuminate\\Http\\Request))
#10 /home/vol8_1/byethost16.com/b16_31458418/htdocs/vendor/laravel/framework/src/Illuminate/Routing/Router.php(628): Illuminate\\Routing\\Router->runRoute(Object(Illuminate\\Http\\Request), Object(Illuminate\\Routing\\Route))
#11 /home/vol8_1/byethost16.com/b16_31458418/htdocs/vendor/laravel/framework/src/Illuminate/Routing/Router.php(617): Illuminate\\Routing\\Router->dispatchToRoute(Object(Illuminate\\Http\\Request))
#12 /home/vol8_1/byethost16.com/b16_31458418/htdocs/vendor/laravel/framework/src/Illuminate/Foundation/Http/Kernel.php(165): Illuminate\\Routing\\Router->dispatch(Object(Illuminate\\Http\\Request))
#13 /home/vol8_1/byethost16.com/b16_31458418/htdocs/vendor/laravel/framework/src/Illuminate/Pipeline/Pipeline.php(128): Illuminate\\Foundation\\Http\\Kernel->Illuminate\\Foundation\\Http\\{closure}(Object(Illuminate\\Http\\Request))
#14 /home/vol8_1/byethost16.com/b16_31458418/htdocs/vendor/laravel/framework/src/Illuminate/Foundation/Http/Middleware/TransformsRequest.php(21): Illuminate\\Pipeline\\Pipeline->Illuminate\\Pipeline\\{closure}(Object(Illuminate\\Http\\Request))
#15 /home/vol8_1/byethost16.com/b16_31458418/htdocs/vendor/laravel/framework/src/Illuminate/Pipeline/Pipeline.php(167): Illuminate\\Foundation\\Http\\Middleware\\TransformsRequest->handle(Object(Illuminate\\Http\\Request), Object(Closure))
#16 /home/vol8_1/byethost16.com/b16_31458418/htdocs/vendor/laravel/framework/src/Illuminate/Foundation/Http/Middleware/TransformsRequest.php(21): Illuminate\\Pipeline\\Pipeline->Illuminate\\Pipeline\\{closure}(Object(Illuminate\\Http\\Request))
#17 /home/vol8_1/byethost16.com/b16_31458418/htdocs/vendor/laravel/framework/src/Illuminate/Pipeline/Pipeline.php(167): Illuminate\\Foundation\\Http\\Middleware\\TransformsRequest->handle(Object(Illuminate\\Http\\Request), Object(Closure))
#18 /home/vol8_1/byethost16.com/b16_31458418/htdocs/vendor/laravel/framework/src/Illuminate/Foundation/Http/Middleware/ValidatePostSize.php(27): Illuminate\\Pipeline\\Pipeline->Illuminate\\Pipeline\\{closure}(Object(Illuminate\\Http\\Request))
#19 /home/vol8_1/byethost16.com/b16_31458418/htdocs/vendor/laravel/framework/src/Illuminate/Pipeline/Pipeline.php(167): Illuminate\\Foundation\\Http\\Middleware\\ValidatePostSize->handle(Object(Illuminate\\Http\\Request), Object(Closure))
#20 /home/vol8_1/byethost16.com/b16_31458418/htdocs/vendor/laravel/framework/src/Illuminate/Foundation/Http/Middleware/CheckForMaintenanceMode.php(63): Illuminate\\Pipeline\\Pipeline->Illuminate\\Pipeline\\{closure}(Object(Illuminate\\Http\\Request))
#21 /home/vol8_1/byethost16.com/b16_31458418/htdocs/vendor/laravel/framework/src/Illuminate/Pipeline/Pipeline.php(167): Illuminate\\Foundation\\Http\\Middleware\\CheckForMaintenanceMode->handle(Object(Illuminate\\Http\\Request), Object(Closure))
#22 /home/vol8_1/byethost16.com/b16_31458418/htdocs/vendor/fruitcake/laravel-cors/src/HandleCors.php(37): Illuminate\\Pipeline\\Pipeline->Illuminate\\Pipeline\\{closure}(Object(Illuminate\\Http\\Request))
#23 /home/vol8_1/byethost16.com/b16_31458418/htdocs/vendor/laravel/framework/src/Illuminate/Pipeline/Pipeline.php(167): Fruitcake\\Cors\\HandleCors->handle(Object(Illuminate\\Http\\Request), Object(Closure))
#24 /home/vol8_1/byethost16.com/b16_31458418/htdocs/vendor/fideloper/proxy/src/TrustProxies.php(57): Illuminate\\Pipeline\\Pipeline->Illuminate\\Pipeline\\{closure}(Object(Illuminate\\Http\\Request))
#25 /home/vol8_1/byethost16.com/b16_31458418/htdocs/vendor/laravel/framework/src/Illuminate/Pipeline/Pipeline.php(167): Fideloper\\Proxy\\TrustProxies->handle(Object(Illuminate\\Http\\Request), Object(Closure))
#26 /home/vol8_1/byethost16.com/b16_31458418/htdocs/vendor/laravel/framework/src/Illuminate/Pipeline/Pipeline.php(103): Illuminate\\Pipeline\\Pipeline->Illuminate\\Pipeline\\{closure}(Object(Illuminate\\Http\\Request))
#27 /home/vol8_1/byethost16.com/b16_31458418/htdocs/vendor/laravel/framework/src/Illuminate/Foundation/Http/Kernel.php(140): Illuminate\\Pipeline\\Pipeline->then(Object(Closure))
#28 /home/vol8_1/byethost16.com/b16_31458418/htdocs/vendor/laravel/framework/src/Illuminate/Foundation/Http/Kernel.php(109): Illuminate\\Foundation\\Http\\Kernel->sendRequestThroughRouter(Object(Illuminate\\Http\\Request))
#29 /home/vol8_1/byethost16.com/b16_31458418/htdocs/public/index.php(57): Illuminate\\Foundation\\Http\\Kernel->handle(Object(Illuminate\\Http\\Request))
#30 /home/vol8_1/byethost16.com/b16_31458418/htdocs/index.php(9): include_once('/home/vol8_1/by...')
#31 {main}
"} 

[06-Apr-2022 13:05:26 America/Argentina/Buenos_Aires] 2022-04-06 13:05:26.923446 | Livewire\Exceptions\ComponentNotFoundException
[06-Apr-2022 13:05:26 America/Argentina/Buenos_Aires] 2022-04-06 13:05:26.923913 | Livewire\Exceptions\ComponentNotFoundException
[06-Apr-2022 13:05:26 America/Argentina/Buenos_Aires] 2022-04-06 13:05:26.924557 | Laravel\Telescope\Telescope
[06-Apr-2022 13:06:18 America/Argentina/Buenos_Aires] 2022-04-06 13:06:18.138336 | sql102.byethost16.com:3306
[06-Apr-2022 13:06:18 America/Argentina/Buenos_Aires] 2022-04-06 13:06:18.159546 | incrustando Cors
[06-Apr-2022 13:06:18 America/Argentina/Buenos_Aires] 2022-04-06 13:06:18.159657 | Gestor_de_tokens
[06-Apr-2022 13:06:18 America/Argentina/Buenos_Aires] 2022-04-06 13:06:18.545300 | Jose\Component\Signature\Algorithm\ES256
[06-Apr-2022 13:06:18 America/Argentina/Buenos_Aires] 2022-04-06 13:06:18.545449 | Jose\Component\Signature\Algorithm\ES384
[06-Apr-2022 13:06:18 America/Argentina/Buenos_Aires] 2022-04-06 13:06:18.545555 | Jose\Component\Signature\Algorithm\ES512
[06-Apr-2022 13:06:18 America/Argentina/Buenos_Aires] 2022-04-06 13:06:18.545656 | Jose\Component\Signature\Algorithm\EdDSA
[06-Apr-2022 13:06:27 America/Argentina/Buenos_Aires] 2022-04-06 13:06:27.849642 | sql102.byethost16.com:3306
[06-Apr-2022 13:06:27 America/Argentina/Buenos_Aires] 2022-04-06 13:06:27.874808 | incrustando Cors
[06-Apr-2022 13:06:27 America/Argentina/Buenos_Aires] 2022-04-06 13:06:27.880390 | Usuario
[06-Apr-2022 13:06:27 America/Argentina/Buenos_Aires] 2022-04-06 13:06:27.880787 | Authstat
[06-Apr-2022 13:06:27 America/Argentina/Buenos_Aires] PHP Warning:  Use of undefined constant MAXIMO_REGISTROS_POR_CONSULTA_CONSOLA - assumed 'MAXIMO_REGISTROS_POR_CONSULTA_CONSOLA' (this will throw an Error in a future version of PHP) in /home/vol8_1/byethost16.com/b16_31458418/htdocs/app/models/model.php on line 154
[06-Apr-2022 13:06:27 America/Argentina/Buenos_Aires] 2022-04-06 13:06:27.882556 | Usuarios encontradas 0
[06-Apr-2022 13:06:58 America/Argentina/Buenos_Aires] 2022-04-06 13:06:58.092380 | sql102.byethost16.com:3306
[06-Apr-2022 13:06:58 America/Argentina/Buenos_Aires] 2022-04-06 13:06:58.117367 | incrustando Cors
[06-Apr-2022 13:06:58 America/Argentina/Buenos_Aires] 2022-04-06 13:06:58.122917 | Usuario
[06-Apr-2022 13:06:58 America/Argentina/Buenos_Aires] 2022-04-06 13:06:58.123318 | Authstat
[06-Apr-2022 13:06:58 America/Argentina/Buenos_Aires] PHP Warning:  Use of undefined constant MAXIMO_REGISTROS_POR_CONSULTA_CONSOLA - assumed 'MAXIMO_REGISTROS_POR_CONSULTA_CONSOLA' (this will throw an Error in a future version of PHP) in /home/vol8_1/byethost16.com/b16_31458418/htdocs/app/models/model.php on line 154
[06-Apr-2022 13:06:58 America/Argentina/Buenos_Aires] 2022-04-06 13:06:58.125062 | Usuarios encontradas 0
[06-Apr-2022 13:54:36 America/Argentina/Buenos_Aires] 2022-04-06 13:54:36.349540 | sql102.byethost16.com:3306
[06-Apr-2022 13:54:36 America/Argentina/Buenos_Aires] 2022-04-06 13:54:36.368402 | incrustando Cors
[06-Apr-2022 13:54:36 America/Argentina/Buenos_Aires] 2022-04-06 13:54:36.373664 | Usuario
[06-Apr-2022 13:54:36 America/Argentina/Buenos_Aires] 2022-04-06 13:54:36.374047 | Authstat
[06-Apr-2022 13:54:36 America/Argentina/Buenos_Aires] PHP Warning:  Use of undefined constant MAXIMO_REGISTROS_POR_CONSULTA_CONSOLA - assumed 'MAXIMO_REGISTROS_POR_CONSULTA_CONSOLA' (this will throw an Error in a future version of PHP) in /home/vol8_1/byethost16.com/b16_31458418/htdocs/app/models/model.php on line 154
[06-Apr-2022 13:54:36 America/Argentina/Buenos_Aires] 2022-04-06 13:54:36.376937 | Usuarios encontradas 0
[06-Apr-2022 13:54:41 America/Argentina/Buenos_Aires] 2022-04-06 13:54:41.516229 | sql102.byethost16.com:3306
[06-Apr-2022 13:54:41 America/Argentina/Buenos_Aires] 2022-04-06 13:54:41.535204 | incrustando Cors
[06-Apr-2022 13:54:41 America/Argentina/Buenos_Aires] 2022-04-06 13:54:41.541863 | Usuario
[06-Apr-2022 13:54:41 America/Argentina/Buenos_Aires] 2022-04-06 13:54:41.542252 | Authstat
[06-Apr-2022 13:54:41 America/Argentina/Buenos_Aires] PHP Warning:  Use of undefined constant MAXIMO_REGISTROS_POR_CONSULTA_CONSOLA - assumed 'MAXIMO_REGISTROS_POR_CONSULTA_CONSOLA' (this will throw an Error in a future version of PHP) in /home/vol8_1/byethost16.com/b16_31458418/htdocs/app/models/model.php on line 154
[06-Apr-2022 13:54:41 America/Argentina/Buenos_Aires] 2022-04-06 13:54:41.543929 | Usuarios encontradas 0
[06-Apr-2022 13:55:04 America/Argentina/Buenos_Aires] 2022-04-06 13:55:04.705352 | sql102.byethost16.com:3306
[06-Apr-2022 13:55:04 America/Argentina/Buenos_Aires] 2022-04-06 13:55:04.723881 | incrustando Cors
[06-Apr-2022 13:55:04 America/Argentina/Buenos_Aires] 2022-04-06 13:55:04.729230 | Usuario
[06-Apr-2022 13:55:04 America/Argentina/Buenos_Aires] 2022-04-06 13:55:04.729603 | Authstat
[06-Apr-2022 13:55:04 America/Argentina/Buenos_Aires] PHP Warning:  Use of undefined constant MAXIMO_REGISTROS_POR_CONSULTA_CONSOLA - assumed 'MAXIMO_REGISTROS_POR_CONSULTA_CONSOLA' (this will throw an Error in a future version of PHP) in /home/vol8_1/byethost16.com/b16_31458418/htdocs/app/models/model.php on line 154
[06-Apr-2022 13:55:04 America/Argentina/Buenos_Aires] 2022-04-06 13:55:04.731502 | Usuarios encontradas 0
[06-Apr-2022 13:56:31 America/Argentina/Buenos_Aires] 2022-04-06 13:56:31.030973 | sql102.byethost16.com:3306
[06-Apr-2022 13:56:31 America/Argentina/Buenos_Aires] [2022-04-06 13:56:31] local.ERROR: syntax error, unexpected ';', expecting ')' {"exception":"[object] (ParseError(code: 0): syntax error, unexpected ';', expecting ')' at /home/vol8_1/byethost16.com/b16_31458418/htdocs/app/Http/Controllers/AuthController.php:30)
[stacktrace]
#0 /home/vol8_1/byethost16.com/b16_31458418/htdocs/vendor/composer/ClassLoader.php(322): Composer\\Autoload\\includeFile('/home/vol8_1/by...')
#1 [internal function]: Composer\\Autoload\\ClassLoader->loadClass('App\\\\Http\\\\Contro...')
#2 [internal function]: spl_autoload_call('App\\\\Http\\\\Contro...')
#3 /home/vol8_1/byethost16.com/b16_31458418/htdocs/vendor/laravel/framework/src/Illuminate/Container/Container.php(809): ReflectionClass->__construct('App\\\\Http\\\\Contro...')
#4 /home/vol8_1/byethost16.com/b16_31458418/htdocs/vendor/laravel/framework/src/Illuminate/Container/Container.php(691): Illuminate\\Container\\Container->build('App\\\\Http\\\\Contro...')
#5 /home/vol8_1/byethost16.com/b16_31458418/htdocs/vendor/laravel/framework/src/Illuminate/Foundation/Application.php(796): Illuminate\\Container\\Container->resolve('App\\\\Http\\\\Contro...', Array, true)
#6 /home/vol8_1/byethost16.com/b16_31458418/htdocs/vendor/laravel/framework/src/Illuminate/Container/Container.php(637): Illuminate\\Foundation\\Application->resolve('App\\\\Http\\\\Contro...', Array)
#7 /home/vol8_1/byethost16.com/b16_31458418/htdocs/vendor/laravel/framework/src/Illuminate/Foundation/Application.php(781): Illuminate\\Container\\Container->make('App\\\\Http\\\\Contro...', Array)
#8 /home/vol8_1/byethost16.com/b16_31458418/htdocs/vendor/laravel/framework/src/Illuminate/Routing/Route.php(253): Illuminate\\Foundation\\Application->make('App\\\\Http\\\\Contro...')
#9 /home/vol8_1/byethost16.com/b16_31458418/htdocs/vendor/laravel/framework/src/Illuminate/Routing/Route.php(970): Illuminate\\Routing\\Route->getController()
#10 /home/vol8_1/byethost16.com/b16_31458418/htdocs/vendor/laravel/framework/src/Illuminate/Routing/Route.php(931): Illuminate\\Routing\\Route->controllerMiddleware()
#11 /home/vol8_1/byethost16.com/b16_31458418/htdocs/vendor/laravel/framework/src/Illuminate/Routing/Router.php(702): Illuminate\\Routing\\Route->gatherMiddleware()
#12 /home/vol8_1/byethost16.com/b16_31458418/htdocs/vendor/laravel/framework/src/Illuminate/Routing/Router.php(678): Illuminate\\Routing\\Router->gatherRouteMiddleware(Object(Illuminate\\Routing\\Route))
#13 /home/vol8_1/byethost16.com/b16_31458418/htdocs/vendor/laravel/framework/src/Illuminate/Routing/Router.php(662): Illuminate\\Routing\\Router->runRouteWithinStack(Object(Illuminate\\Routing\\Route), Object(Illuminate\\Http\\Request))
#14 /home/vol8_1/byethost16.com/b16_31458418/htdocs/vendor/laravel/framework/src/Illuminate/Routing/Router.php(628): Illuminate\\Routing\\Router->runRoute(Object(Illuminate\\Http\\Request), Object(Illuminate\\Routing\\Route))
#15 /home/vol8_1/byethost16.com/b16_31458418/htdocs/vendor/laravel/framework/src/Illuminate/Routing/Router.php(617): Illuminate\\Routing\\Router->dispatchToRoute(Object(Illuminate\\Http\\Request))
#16 /home/vol8_1/byethost16.com/b16_31458418/htdocs/vendor/laravel/framework/src/Illuminate/Foundation/Http/Kernel.php(165): Illuminate\\Routing\\Router->dispatch(Object(Illuminate\\Http\\Request))
#17 /home/vol8_1/byethost16.com/b16_31458418/htdocs/vendor/laravel/framework/src/Illuminate/Pipeline/Pipeline.php(128): Illuminate\\Foundation\\Http\\Kernel->Illuminate\\Foundation\\Http\\{closure}(Object(Illuminate\\Http\\Request))
#18 /home/vol8_1/byethost16.com/b16_31458418/htdocs/vendor/laravel/framework/src/Illuminate/Foundation/Http/Middleware/TransformsRequest.php(21): Illuminate\\Pipeline\\Pipeline->Illuminate\\Pipeline\\{closure}(Object(Illuminate\\Http\\Request))
#19 /home/vol8_1/byethost16.com/b16_31458418/htdocs/vendor/laravel/framework/src/Illuminate/Pipeline/Pipeline.php(167): Illuminate\\Foundation\\Http\\Middleware\\TransformsRequest->handle(Object(Illuminate\\Http\\Request), Object(Closure))
#20 /home/vol8_1/byethost16.com/b16_31458418/htdocs/vendor/laravel/framework/src/Illuminate/Foundation/Http/Middleware/TransformsRequest.php(21): Illuminate\\Pipeline\\Pipeline->Illuminate\\Pipeline\\{closure}(Object(Illuminate\\Http\\Request))
#21 /home/vol8_1/byethost16.com/b16_31458418/htdocs/vendor/laravel/framework/src/Illuminate/Pipeline/Pipeline.php(167): Illuminate\\Foundation\\Http\\Middleware\\TransformsRequest->handle(Object(Illuminate\\Http\\Request), Object(Closure))
#22 /home/vol8_1/byethost16.com/b16_31458418/htdocs/vendor/laravel/framework/src/Illuminate/Foundation/Http/Middleware/ValidatePostSize.php(27): Illuminate\\Pipeline\\Pipeline->Illuminate\\Pipeline\\{closure}(Object(Illuminate\\Http\\Request))
#23 /home/vol8_1/byethost16.com/b16_31458418/htdocs/vendor/laravel/framework/src/Illuminate/Pipeline/Pipeline.php(167): Illuminate\\Foundation\\Http\\Middleware\\ValidatePostSize->handle(Object(Illuminate\\Http\\Request), Object(Closure))
#24 /home/vol8_1/byethost16.com/b16_31458418/htdocs/vendor/laravel/framework/src/Illuminate/Foundation/Http/Middleware/CheckForMaintenanceMode.php(63): Illuminate\\Pipeline\\Pipeline->Illuminate\\Pipeline\\{closure}(Object(Illuminate\\Http\\Request))
#25 /home/vol8_1/byethost16.com/b16_31458418/htdocs/vendor/laravel/framework/src/Illuminate/Pipeline/Pipeline.php(167): Illuminate\\Foundation\\Http\\Middleware\\CheckForMaintenanceMode->handle(Object(Illuminate\\Http\\Request), Object(Closure))
#26 /home/vol8_1/byethost16.com/b16_31458418/htdocs/vendor/fruitcake/laravel-cors/src/HandleCors.php(37): Illuminate\\Pipeline\\Pipeline->Illuminate\\Pipeline\\{closure}(Object(Illuminate\\Http\\Request))
#27 /home/vol8_1/byethost16.com/b16_31458418/htdocs/vendor/laravel/framework/src/Illuminate/Pipeline/Pipeline.php(167): Fruitcake\\Cors\\HandleCors->handle(Object(Illuminate\\Http\\Request), Object(Closure))
#28 /home/vol8_1/byethost16.com/b16_31458418/htdocs/vendor/fideloper/proxy/src/TrustProxies.php(57): Illuminate\\Pipeline\\Pipeline->Illuminate\\Pipeline\\{closure}(Object(Illuminate\\Http\\Request))
#29 /home/vol8_1/byethost16.com/b16_31458418/htdocs/vendor/laravel/framework/src/Illuminate/Pipeline/Pipeline.php(167): Fideloper\\Proxy\\TrustProxies->handle(Object(Illuminate\\Http\\Request), Object(Closure))
#30 /home/vol8_1/byethost16.com/b16_31458418/htdocs/vendor/laravel/framework/src/Illuminate/Pipeline/Pipeline.php(103): Illuminate\\Pipeline\\Pipeline->Illuminate\\Pipeline\\{closure}(Object(Illuminate\\Http\\Request))
#31 /home/vol8_1/byethost16.com/b16_31458418/htdocs/vendor/laravel/framework/src/Illuminate/Foundation/Http/Kernel.php(140): Illuminate\\Pipeline\\Pipeline->then(Object(Closure))
#32 /home/vol8_1/byethost16.com/b16_31458418/htdocs/vendor/laravel/framework/src/Illuminate/Foundation/Http/Kernel.php(109): Illuminate\\Foundation\\Http\\Kernel->sendRequestThroughRouter(Object(Illuminate\\Http\\Request))
#33 /home/vol8_1/byethost16.com/b16_31458418/htdocs/public/index.php(57): Illuminate\\Foundation\\Http\\Kernel->handle(Object(Illuminate\\Http\\Request))
#34 /home/vol8_1/byethost16.com/b16_31458418/htdocs/index.php(9): include_once('/home/vol8_1/by...')
#35 {main}
"} 

[06-Apr-2022 13:56:31 America/Argentina/Buenos_Aires] 2022-04-06 13:56:31.072780 | Livewire\Exceptions\ComponentNotFoundException
[06-Apr-2022 13:56:31 America/Argentina/Buenos_Aires] 2022-04-06 13:56:31.073248 | Livewire\Exceptions\ComponentNotFoundException
[06-Apr-2022 13:56:31 America/Argentina/Buenos_Aires] 2022-04-06 13:56:31.073913 | Laravel\Telescope\Telescope
[06-Apr-2022 13:56:59 America/Argentina/Buenos_Aires] 2022-04-06 13:56:59.634532 | sql102.byethost16.com:3306
[06-Apr-2022 13:56:59 America/Argentina/Buenos_Aires] 2022-04-06 13:56:59.653545 | incrustando Cors
[06-Apr-2022 13:56:59 America/Argentina/Buenos_Aires] 2022-04-06 13:56:59.658751 | Usuario
[06-Apr-2022 13:56:59 America/Argentina/Buenos_Aires] 2022-04-06 13:56:59.659138 | Authstat
[06-Apr-2022 13:56:59 America/Argentina/Buenos_Aires] PHP Warning:  Use of undefined constant MAXIMO_REGISTROS_POR_CONSULTA_CONSOLA - assumed 'MAXIMO_REGISTROS_POR_CONSULTA_CONSOLA' (this will throw an Error in a future version of PHP) in /home/vol8_1/byethost16.com/b16_31458418/htdocs/app/models/model.php on line 154
[06-Apr-2022 13:56:59 America/Argentina/Buenos_Aires] 2022-04-06 13:56:59.660861 | Usuarios encontradas 0
[06-Apr-2022 13:58:05 America/Argentina/Buenos_Aires] 2022-04-06 13:58:05.214901 | sql102.byethost16.com:3306
[06-Apr-2022 13:58:05 America/Argentina/Buenos_Aires] 2022-04-06 13:58:05.233444 | incrustando Cors
[06-Apr-2022 13:58:05 America/Argentina/Buenos_Aires] 2022-04-06 13:58:05.238657 | Usuario
[06-Apr-2022 13:58:05 America/Argentina/Buenos_Aires] 2022-04-06 13:58:05.239043 | Authstat
[06-Apr-2022 13:58:05 America/Argentina/Buenos_Aires] PHP Warning:  Use of undefined constant MAXIMO_REGISTROS_POR_CONSULTA_CONSOLA - assumed 'MAXIMO_REGISTROS_POR_CONSULTA_CONSOLA' (this will throw an Error in a future version of PHP) in /home/vol8_1/byethost16.com/b16_31458418/htdocs/app/models/model.php on line 154
[06-Apr-2022 13:58:05 America/Argentina/Buenos_Aires] 2022-04-06 13:58:05.241031 | Usuarios encontradas 0
[06-Apr-2022 13:58:33 America/Argentina/Buenos_Aires] 2022-04-06 13:58:33.902959 | sql102.byethost16.com:3306
[06-Apr-2022 13:58:33 America/Argentina/Buenos_Aires] mysqli
[06-Apr-2022 13:58:33 America/Argentina/Buenos_Aires] CONNECT
[06-Apr-2022 13:58:33 America/Argentina/Buenos_Aires] 2006
[06-Apr-2022 13:58:33 America/Argentina/Buenos_Aires] MySQL server has gone away
[06-Apr-2022 13:58:33 America/Argentina/Buenos_Aires] sql102.byethost16.com
[06-Apr-2022 13:58:33 America/Argentina/Buenos_Aires] b16_31458418_edi
[06-Apr-2022 13:58:33 America/Argentina/Buenos_Aires] 2022-04-06 13:58:33.904461 | Fallo al establecerse la conexion con la base de datos.
[06-Apr-2022 13:59:03 America/Argentina/Buenos_Aires] 2022-04-06 13:59:03.174136 | sql102.byethost16.com:3306
[06-Apr-2022 13:59:03 America/Argentina/Buenos_Aires] 2022-04-06 13:59:03.193978 | incrustando Cors
[06-Apr-2022 13:59:03 America/Argentina/Buenos_Aires] 2022-04-06 13:59:03.199701 | Usuario
[06-Apr-2022 13:59:03 America/Argentina/Buenos_Aires] 2022-04-06 13:59:03.200322 | Authstat
[06-Apr-2022 13:59:03 America/Argentina/Buenos_Aires] PHP Warning:  Use of undefined constant MAXIMO_REGISTROS_POR_CONSULTA_CONSOLA - assumed 'MAXIMO_REGISTROS_POR_CONSULTA_CONSOLA' (this will throw an Error in a future version of PHP) in /home/vol8_1/byethost16.com/b16_31458418/htdocs/app/models/model.php on line 154
[06-Apr-2022 14:00:45 America/Argentina/Buenos_Aires] 2022-04-06 14:00:45.368796 | sql102.byethost16.com:3306
[06-Apr-2022 14:00:45 America/Argentina/Buenos_Aires] 2022-04-06 14:00:45.385913 | incrustando Cors
[06-Apr-2022 14:00:45 America/Argentina/Buenos_Aires] 2022-04-06 14:00:45.391068 | Usuario
[06-Apr-2022 14:00:45 America/Argentina/Buenos_Aires] 2022-04-06 14:00:45.391446 | Authstat
[06-Apr-2022 14:00:45 America/Argentina/Buenos_Aires] PHP Notice:  Undefined variable: variables in /home/vol8_1/byethost16.com/b16_31458418/htdocs/app/models/usuario.php on line 132
[06-Apr-2022 14:00:45 America/Argentina/Buenos_Aires] PHP Warning:  Use of undefined constant MAXIMO_REGISTROS_POR_CONSULTA_CONSOLA - assumed 'MAXIMO_REGISTROS_POR_CONSULTA_CONSOLA' (this will throw an Error in a future version of PHP) in /home/vol8_1/byethost16.com/b16_31458418/htdocs/app/models/model.php on line 154
[06-Apr-2022 14:01:05 America/Argentina/Buenos_Aires] 2022-04-06 14:01:05.059597 | sql102.byethost16.com:3306
[06-Apr-2022 14:01:05 America/Argentina/Buenos_Aires] 2022-04-06 14:01:05.075461 | incrustando Cors
[06-Apr-2022 14:01:05 America/Argentina/Buenos_Aires] 2022-04-06 14:01:05.080774 | Usuario
[06-Apr-2022 14:01:05 America/Argentina/Buenos_Aires] 2022-04-06 14:01:05.081172 | Authstat
[06-Apr-2022 14:01:05 America/Argentina/Buenos_Aires] PHP Warning:  Use of undefined constant MAXIMO_REGISTROS_POR_CONSULTA_CONSOLA - assumed 'MAXIMO_REGISTROS_POR_CONSULTA_CONSOLA' (this will throw an Error in a future version of PHP) in /home/vol8_1/byethost16.com/b16_31458418/htdocs/app/models/model.php on line 154
[06-Apr-2022 14:02:05 America/Argentina/Buenos_Aires] 2022-04-06 14:02:05.996629 | sql102.byethost16.com:3306
[06-Apr-2022 14:02:06 America/Argentina/Buenos_Aires] 2022-04-06 14:02:06.013151 | incrustando Cors
[06-Apr-2022 14:02:06 America/Argentina/Buenos_Aires] 2022-04-06 14:02:06.020468 | Usuario
[06-Apr-2022 14:02:06 America/Argentina/Buenos_Aires] 2022-04-06 14:02:06.020923 | Authstat
[06-Apr-2022 14:02:06 America/Argentina/Buenos_Aires] PHP Warning:  Use of undefined constant MAXIMO_REGISTROS_POR_CONSULTA_CONSOLA - assumed 'MAXIMO_REGISTROS_POR_CONSULTA_CONSOLA' (this will throw an Error in a future version of PHP) in /home/vol8_1/byethost16.com/b16_31458418/htdocs/app/models/model.php on line 154
[06-Apr-2022 14:02:16 America/Argentina/Buenos_Aires] 2022-04-06 14:02:16.868102 | sql102.byethost16.com:3306
[06-Apr-2022 14:02:16 America/Argentina/Buenos_Aires] 2022-04-06 14:02:16.892470 | Livewire\CompilerEngineForIgnition
[06-Apr-2022 14:06:01 America/Argentina/Buenos_Aires] 2022-04-06 14:06:01.248410 | sql102.byethost16.com:3306
[06-Apr-2022 14:06:01 America/Argentina/Buenos_Aires] 2022-04-06 14:06:01.266206 | incrustando Cors
[06-Apr-2022 14:06:01 America/Argentina/Buenos_Aires] 2022-04-06 14:06:01.271430 | Usuario
[06-Apr-2022 14:06:01 America/Argentina/Buenos_Aires] 2022-04-06 14:06:01.271801 | Authstat
[06-Apr-2022 14:06:01 America/Argentina/Buenos_Aires] 2022-04-06 14:06:01.273765 | Gestor_de_tokens
[06-Apr-2022 14:06:01 America/Argentina/Buenos_Aires] 2022-04-06 14:06:01.377667 | Jose\Component\Signature\Algorithm\ES256
[06-Apr-2022 14:06:01 America/Argentina/Buenos_Aires] 2022-04-06 14:06:01.377743 | Jose\Component\Signature\Algorithm\ES384
[06-Apr-2022 14:06:01 America/Argentina/Buenos_Aires] 2022-04-06 14:06:01.377804 | Jose\Component\Signature\Algorithm\ES512
[06-Apr-2022 14:06:01 America/Argentina/Buenos_Aires] 2022-04-06 14:06:01.377924 | Jose\Component\Signature\Algorithm\EdDSA
[06-Apr-2022 14:06:01 America/Argentina/Buenos_Aires] PHP Notice:  Undefined property: Usuario::$actualizar_password in /home/vol8_1/byethost16.com/b16_31458418/htdocs/app/models/usuario.php on line 119
[06-Apr-2022 14:06:01 America/Argentina/Buenos_Aires] 2022-04-06 14:06:01.982941 | Gestor_de_log
[06-Apr-2022 14:06:50 America/Argentina/Buenos_Aires] 2022-04-06 14:06:50.901738 | sql102.byethost16.com:3306
[06-Apr-2022 14:06:50 America/Argentina/Buenos_Aires] 2022-04-06 14:06:50.923760 | incrustando Cors
[06-Apr-2022 14:06:50 America/Argentina/Buenos_Aires] 2022-04-06 14:06:50.923872 | Gestor_de_tokens
[06-Apr-2022 14:06:50 America/Argentina/Buenos_Aires] 2022-04-06 14:06:50.927458 | Jose\Component\Signature\Algorithm\ES256
[06-Apr-2022 14:06:50 America/Argentina/Buenos_Aires] 2022-04-06 14:06:50.927533 | Jose\Component\Signature\Algorithm\ES384
[06-Apr-2022 14:06:50 America/Argentina/Buenos_Aires] 2022-04-06 14:06:50.927595 | Jose\Component\Signature\Algorithm\ES512
[06-Apr-2022 14:06:50 America/Argentina/Buenos_Aires] 2022-04-06 14:06:50.927654 | Jose\Component\Signature\Algorithm\EdDSA
[06-Apr-2022 14:06:51 America/Argentina/Buenos_Aires] 2022-04-06 14:06:51.010057 | Usuario
[06-Apr-2022 14:06:51 America/Argentina/Buenos_Aires] 2022-04-06 14:06:51.012080 | false
[06-Apr-2022 14:06:51 America/Argentina/Buenos_Aires] 2022-04-06 14:06:51.012183 | Jose\Component\Signature\Algorithm\ES256
[06-Apr-2022 14:06:51 America/Argentina/Buenos_Aires] 2022-04-06 14:06:51.012228 | Jose\Component\Signature\Algorithm\ES384
[06-Apr-2022 14:06:51 America/Argentina/Buenos_Aires] 2022-04-06 14:06:51.012261 | Jose\Component\Signature\Algorithm\ES512
[06-Apr-2022 14:06:51 America/Argentina/Buenos_Aires] 2022-04-06 14:06:51.012293 | Jose\Component\Signature\Algorithm\EdDSA
[06-Apr-2022 14:06:51 America/Argentina/Buenos_Aires] 2022-04-06 14:06:51.016507 | Logger
[06-Apr-2022 14:06:51 America/Argentina/Buenos_Aires] 2022-04-06 14:06:51.027014 | Logueando
[06-Apr-2022 14:06:51 America/Argentina/Buenos_Aires] 2022-04-06 14:06:51.027062 | /home/vol8_1/byethost16.com/b16_31458418/htdocs/storage
[06-Apr-2022 14:06:51 America/Argentina/Buenos_Aires] PHP Warning:  file_put_contents(/home/vol8_1/byethost16.com/b16_31458418/htdocs/storage): failed to open stream: Is a directory in /home/vol8_1/byethost16.com/b16_31458418/htdocs/app/Classes/logger.php on line 38
[06-Apr-2022 14:06:51 America/Argentina/Buenos_Aires] 2022-04-06 14:06:51.028859 | Exception: Ya existe este usuario in /home/vol8_1/byethost16.com/b16_31458418/htdocs/app/Http/Controllers/Edisoft/UsuarioController.php:71
Stack trace:
#0 [internal function]: App\Http\Controllers\Edisoft\UsuarioController->crear_usuario_post(NULL)
#1 /home/vol8_1/byethost16.com/b16_31458418/htdocs/app/Http/Controllers/Controller.php(73): call_user_func_array(Array, Array)
#2 [internal function]: App\Http\Controllers\Controller->despachar()
#3 /home/vol8_1/byethost16.com/b16_31458418/htdocs/app/Http/Controllers/Controller.php(82): call_user_func_array(Array, Array)
#4 /home/vol8_1/byethost16.com/b16_31458418/htdocs/vendor/laravel/framework/src/Illuminate/Routing/ControllerDispatcher.php(45): App\Http\Controllers\Controller->callAction('crear_usuario_p...', Array)
#5 /home/vol8_1/byethost16.com/b16_31458418/htdocs/vendor/laravel/framework/src/Illuminate/Routing/Route.php(239): Illuminate\Routing\ControllerDispatcher->dispatch(Object(Illuminate\Routing\Route), Object(App\Http\Controllers\Edisoft\UsuarioController), 'crear_usuario_p...')
#6 /home/vol8_1/byethost16.com/b16_31458418/htdocs/vendor/laravel/framework/src/Illuminate/Routing/Route.php(196): Illuminate\Routing\Route->runController()
#7 /home/vol8_1/byethost16.com/b16_31458418/htdocs/vendor/laravel/framework/src/Illuminate/Routing/Router.php(685): Illuminate\Routing\Route->run()
#8 /home/vol8_1/byethost16.com/b16_31458418/htdocs/vendor/laravel/framework/src/Illuminate/Pipeline/Pipeline.php(128): Illuminate\Routing\Router->Illuminate\Routing\{closure}(Object(Illuminate\Http\Request))
#9 /home/vol8_1/byethost16.com/b16_31458418/htdocs/app/Http/Middleware/Edisoft.php(99): Illuminate\Pipeline\Pipeline->Illuminate\Pipeline\{closure}(Object(Illuminate\Http\Request))
#10 /home/vol8_1/byethost16.com/b16_31458418/htdocs/vendor/laravel/framework/src/Illuminate/Pipeline/Pipeline.php(167): App\Http\Middleware\Edisoft->handle(Object(Illuminate\Http\Request), Object(Closure))
#11 /home/vol8_1/byethost16.com/b16_31458418/htdocs/app/Http/Middleware/Cors.php(9): Illuminate\Pipeline\Pipeline->Illuminate\Pipeline\{closure}(Object(Illuminate\Http\Request))
#12 /home/vol8_1/byethost16.com/b16_31458418/htdocs/vendor/laravel/framework/src/Illuminate/Pipeline/Pipeline.php(167): App\Http\Middleware\Cors->handle(Object(Illuminate\Http\Request), Object(Closure))
#13 /home/vol8_1/byethost16.com/b16_31458418/htdocs/vendor/laravel/framework/src/Illuminate/Pipeline/Pipeline.php(103): Illuminate\Pipeline\Pipeline->Illuminate\Pipeline\{closure}(Object(Illuminate\Http\Request))
#14 /home/vol8_1/byethost16.com/b16_31458418/htdocs/vendor/laravel/framework/src/Illuminate/Routing/Router.php(687): Illuminate\Pipeline\Pipeline->then(Object(Closure))
#15 /home/vol8_1/byethost16.com/b16_31458418/htdocs/vendor/laravel/framework/src/Illuminate/Routing/Router.php(662): Illuminate\Routing\Router->runRouteWithinStack(Object(Illuminate\Routing\Route), Object(Illuminate\Http\Request))
#16 /home/vol8_1/byethost16.com/b16_31458418/htdocs/vendor/laravel/framework/src/Illuminate/Routing/Router.php(628): Illuminate\Routing\Router->runRoute(Object(Illuminate\Http\Request), Object(Illuminate\Routing\Route))
#17 /home/vol8_1/byethost16.com/b16_31458418/htdocs/vendor/laravel/framework/src/Illuminate/Routing/Router.php(617): Illuminate\Routing\Router->dispatchToRoute(Object(Illuminate\Http\Request))
#18 /home/vol8_1/byethost16.com/b16_31458418/htdocs/vendor/laravel/framework/src/Illuminate/Foundation/Http/Kernel.php(165): Illuminate\Routing\Router->dispatch(Object(Illuminate\Http\Request))
#19 /home/vol8_1/byethost16.com/b16_31458418/htdocs/vendor/laravel/framework/src/Illuminate/Pipeline/Pipeline.php(128): Illuminate\Foundation\Http\Kernel->Illuminate\Foundation\Http\{closure}(Object(Illuminate\Http\Request))
#20 /home/vol8_1/byethost16.com/b16_31458418/htdocs/vendor/laravel/framework/src/Illuminate/Foundation/Http/Middleware/TransformsRequest.php(21): Illuminate\Pipeline\Pipeline->Illuminate\Pipeline\{closure}(Object(Illuminate\Http\Request))
#21 /home/vol8_1/byethost16.com/b16_31458418/htdocs/vendor/laravel/framework/src/Illuminate/Pipeline/Pipeline.php(167): Illuminate\Foundation\Http\Middleware\TransformsRequest->handle(Object(Illuminate\Http\Request), Object(Closure))
#22 /home/vol8_1/byethost16.com/b16_31458418/htdocs/vendor/laravel/framework/src/Illuminate/Foundation/Http/Middleware/TransformsRequest.php(21): Illuminate\Pipeline\Pipeline->Illuminate\Pipeline\{closure}(Object(Illuminate\Http\Request))
#23 /home/vol8_1/byethost16.com/b16_31458418/htdocs/vendor/laravel/framework/src/Illuminate/Pipeline/Pipeline.php(167): Illuminate\Foundation\Http\Middleware\TransformsRequest->handle(Object(Illuminate\Http\Request), Object(Closure))
#24 /home/vol8_1/byethost16.com/b16_31458418/htdocs/vendor/laravel/framework/src/Illuminate/Foundation/Http/Middleware/ValidatePostSize.php(27): Illuminate\Pipeline\Pipeline->Illuminate\Pipeline\{closure}(Object(Illuminate\Http\Request))
#25 /home/vol8_1/byethost16.com/b16_31458418/htdocs/vendor/laravel/framework/src/Illuminate/Pipeline/Pipeline.php(167): Illuminate\Foundation\Http\Middleware\ValidatePostSize->handle(Object(Illuminate\Http\Request), Object(Closure))
#26 /home/vol8_1/byethost16.com/b16_31458418/htdocs/vendor/laravel/framework/src/Illuminate/Foundation/Http/Middleware/CheckForMaintenanceMode.php(63): Illuminate\Pipeline\Pipeline->Illuminate\Pipeline\{closure}(Object(Illuminate\Http\Request))
#27 /home/vol8_1/byethost16.com/b16_31458418/htdocs/vendor/laravel/framework/src/Illuminate/Pipeline/Pipeline.php(167): Illuminate\Foundation\Http\Middleware\CheckForMaintenanceMode->handle(Object(Illuminate\Http\Request), Object(Closure))
#28 /home/vol8_1/byethost16.com/b16_31458418/htdocs/vendor/fruitcake/laravel-cors/src/HandleCors.php(37): Illuminate\Pipeline\Pipeline->Illuminate\Pipeline\{closure}(Object(Illuminate\Http\Request))
#29 /home/vol8_1/byethost16.com/b16_31458418/htdocs/vendor/laravel/framework/src/Illuminate/Pipeline/Pipeline.php(167): Fruitcake\Cors\HandleCors->handle(Object(Illuminate\Http\Request), Object(Closure))
#30 /home/vol8_1/byethost16.com/b16_31458418/htdocs/vendor/fideloper/proxy/src/TrustProxies.php(57): Illuminate\Pipeline\Pipeline->Illuminate\Pipeline\{closure}(Object(Illuminate\Http\Request))
#31 /home/vol8_1/byethost16.com/b16_31458418/htdocs/vendor/laravel/framework/src/Illuminate/Pipeline/Pipeline.php(167): Fideloper\Proxy\TrustProxies->handle(Object(Illuminate\Http\Request), Object(Closure))
#32 /home/vol8_1/byethost16.com/b16_31458418/htdocs/vendor/laravel/framework/src/Illuminate/Pipeline/Pipeline.php(103): Illuminate\Pipeline\Pipeline->Illuminate\Pipeline\{closure}(Object(Illuminate\Http\Request))
#33 /home/vol8_1/byethost16.com/b16_31458418/htdocs/vendor/laravel/framework/src/Illuminate/Foundation/Http/Kernel.php(140): Illuminate\Pipeline\Pipeline->then(Object(Closure))
#34 /home/vol8_1/byethost16.com/b16_31458418/htdocs/vendor/laravel/framework/src/Illuminate/Foundation/Http/Kernel.php(109): Illuminate\Foundation\Http\Kernel->sendRequestThroughRouter(Object(Illuminate\Http\Request))
#35 /home/vol8_1/byethost16.com/b16_31458418/htdocs/public/index.php(57): Illuminate\Foundation\Http\Kernel->handle(Object(Illuminate\Http\Request))
#36 /home/vol8_1/byethost16.com/b16_31458418/htdocs/index.php(9): include_once('/home/vol8_1/by...')
#37 {main}
[06-Apr-2022 14:07:09 America/Argentina/Buenos_Aires] 2022-04-06 14:07:09.207317 | sql102.byethost16.com:3306
[06-Apr-2022 14:07:09 America/Argentina/Buenos_Aires] 2022-04-06 14:07:09.224911 | incrustando Cors
[06-Apr-2022 14:07:09 America/Argentina/Buenos_Aires] 2022-04-06 14:07:09.225025 | Gestor_de_tokens
[06-Apr-2022 14:07:09 America/Argentina/Buenos_Aires] 2022-04-06 14:07:09.228555 | Jose\Component\Signature\Algorithm\ES256
[06-Apr-2022 14:07:09 America/Argentina/Buenos_Aires] 2022-04-06 14:07:09.228630 | Jose\Component\Signature\Algorithm\ES384
[06-Apr-2022 14:07:09 America/Argentina/Buenos_Aires] 2022-04-06 14:07:09.228691 | Jose\Component\Signature\Algorithm\ES512
[06-Apr-2022 14:07:09 America/Argentina/Buenos_Aires] 2022-04-06 14:07:09.228749 | Jose\Component\Signature\Algorithm\EdDSA
[06-Apr-2022 14:07:09 America/Argentina/Buenos_Aires] 2022-04-06 14:07:09.243083 | Usuario
[06-Apr-2022 14:07:09 America/Argentina/Buenos_Aires] 2022-04-06 14:07:09.245017 | false
[06-Apr-2022 14:07:09 America/Argentina/Buenos_Aires] 2022-04-06 14:07:09.245113 | Jose\Component\Signature\Algorithm\ES256
[06-Apr-2022 14:07:09 America/Argentina/Buenos_Aires] 2022-04-06 14:07:09.245156 | Jose\Component\Signature\Algorithm\ES384
[06-Apr-2022 14:07:09 America/Argentina/Buenos_Aires] 2022-04-06 14:07:09.245191 | Jose\Component\Signature\Algorithm\ES512
[06-Apr-2022 14:07:09 America/Argentina/Buenos_Aires] 2022-04-06 14:07:09.245228 | Jose\Component\Signature\Algorithm\EdDSA
[06-Apr-2022 14:07:09 America/Argentina/Buenos_Aires] 2022-04-06 14:07:09.249872 | Logger
[06-Apr-2022 14:07:09 America/Argentina/Buenos_Aires] 2022-04-06 14:07:09.250106 | Logueando
[06-Apr-2022 14:07:09 America/Argentina/Buenos_Aires] 2022-04-06 14:07:09.250151 | /home/vol8_1/byethost16.com/b16_31458418/htdocs/storage
[06-Apr-2022 14:07:09 America/Argentina/Buenos_Aires] PHP Warning:  file_put_contents(/home/vol8_1/byethost16.com/b16_31458418/htdocs/storage): failed to open stream: Is a directory in /home/vol8_1/byethost16.com/b16_31458418/htdocs/app/Classes/logger.php on line 38
[06-Apr-2022 14:11:26 America/Argentina/Buenos_Aires] 2022-04-06 14:11:26.315153 | sql102.byethost16.com:3306
[06-Apr-2022 14:11:26 America/Argentina/Buenos_Aires] 2022-04-06 14:11:26.342561 | Livewire\CompilerEngineForIgnition
[06-Apr-2022 14:11:43 America/Argentina/Buenos_Aires] 2022-04-06 14:11:43.040171 | sql102.byethost16.com:3306
[06-Apr-2022 14:11:43 America/Argentina/Buenos_Aires] 2022-04-06 14:11:43.059377 | incrustando Cors
[06-Apr-2022 14:11:43 America/Argentina/Buenos_Aires] 2022-04-06 14:11:43.059545 | Gestor_de_tokens
[06-Apr-2022 14:11:43 America/Argentina/Buenos_Aires] 2022-04-06 14:11:43.063151 | Jose\Component\Signature\Algorithm\ES256
[06-Apr-2022 14:11:43 America/Argentina/Buenos_Aires] 2022-04-06 14:11:43.063250 | Jose\Component\Signature\Algorithm\ES384
[06-Apr-2022 14:11:43 America/Argentina/Buenos_Aires] 2022-04-06 14:11:43.063343 | Jose\Component\Signature\Algorithm\ES512
[06-Apr-2022 14:11:43 America/Argentina/Buenos_Aires] 2022-04-06 14:11:43.063407 | Jose\Component\Signature\Algorithm\EdDSA
[06-Apr-2022 14:11:43 America/Argentina/Buenos_Aires] 2022-04-06 14:11:43.079678 | Usuario
[06-Apr-2022 14:30:42 America/Argentina/Buenos_Aires] 2022-04-06 14:30:42.592460 | sql102.byethost16.com:3306
[06-Apr-2022 14:30:42 America/Argentina/Buenos_Aires] mysqli
[06-Apr-2022 14:30:42 America/Argentina/Buenos_Aires] CONNECT
[06-Apr-2022 14:30:42 America/Argentina/Buenos_Aires] 2006
[06-Apr-2022 14:30:42 America/Argentina/Buenos_Aires] MySQL server has gone away
[06-Apr-2022 14:30:42 America/Argentina/Buenos_Aires] sql102.byethost16.com
[06-Apr-2022 14:30:42 America/Argentina/Buenos_Aires] b16_31458418_edi
[06-Apr-2022 14:30:42 America/Argentina/Buenos_Aires] 2022-04-06 14:30:42.594141 | Fallo al establecerse la conexion con la base de datos.
[06-Apr-2022 14:30:48 America/Argentina/Buenos_Aires] 2022-04-06 14:30:48.944046 | sql102.byethost16.com:3306
[06-Apr-2022 14:30:48 America/Argentina/Buenos_Aires] mysqli
[06-Apr-2022 14:30:48 America/Argentina/Buenos_Aires] CONNECT
[06-Apr-2022 14:30:48 America/Argentina/Buenos_Aires] 2006
[06-Apr-2022 14:30:48 America/Argentina/Buenos_Aires] MySQL server has gone away
[06-Apr-2022 14:30:48 America/Argentina/Buenos_Aires] sql102.byethost16.com
[06-Apr-2022 14:30:48 America/Argentina/Buenos_Aires] b16_31458418_edi
[06-Apr-2022 14:30:48 America/Argentina/Buenos_Aires] 2022-04-06 14:30:48.945336 | Fallo al establecerse la conexion con la base de datos.
[06-Apr-2022 14:30:54 America/Argentina/Buenos_Aires] 2022-04-06 14:30:54.284982 | sql102.byethost16.com:3306
[06-Apr-2022 14:30:54 America/Argentina/Buenos_Aires] mysqli
[06-Apr-2022 14:30:54 America/Argentina/Buenos_Aires] CONNECT
[06-Apr-2022 14:30:54 America/Argentina/Buenos_Aires] 2006
[06-Apr-2022 14:30:54 America/Argentina/Buenos_Aires] MySQL server has gone away
[06-Apr-2022 14:30:54 America/Argentina/Buenos_Aires] sql102.byethost16.com
[06-Apr-2022 14:30:54 America/Argentina/Buenos_Aires] b16_31458418_edi
[06-Apr-2022 14:30:54 America/Argentina/Buenos_Aires] 2022-04-06 14:30:54.296556 | Fallo al establecerse la conexion con la base de datos.
[06-Apr-2022 14:31:03 America/Argentina/Buenos_Aires] 2022-04-06 14:31:03.083169 | sql102.byethost16.com:3306
[06-Apr-2022 14:31:03 America/Argentina/Buenos_Aires] mysqli
[06-Apr-2022 14:31:03 America/Argentina/Buenos_Aires] CONNECT
[06-Apr-2022 14:31:03 America/Argentina/Buenos_Aires] 2006
[06-Apr-2022 14:31:03 America/Argentina/Buenos_Aires] MySQL server has gone away
[06-Apr-2022 14:31:03 America/Argentina/Buenos_Aires] sql102.byethost16.com
[06-Apr-2022 14:31:03 America/Argentina/Buenos_Aires] b16_31458418_edi
[06-Apr-2022 14:31:03 America/Argentina/Buenos_Aires] 2022-04-06 14:31:03.084714 | Fallo al establecerse la conexion con la base de datos.
[06-Apr-2022 14:31:12 America/Argentina/Buenos_Aires] 2022-04-06 14:31:12.411536 | sql102.byethost16.com:3306
[06-Apr-2022 14:31:12 America/Argentina/Buenos_Aires] mysqli
[06-Apr-2022 14:31:12 America/Argentina/Buenos_Aires] CONNECT
[06-Apr-2022 14:31:12 America/Argentina/Buenos_Aires] 2006
[06-Apr-2022 14:31:12 America/Argentina/Buenos_Aires] MySQL server has gone away
[06-Apr-2022 14:31:12 America/Argentina/Buenos_Aires] sql102.byethost16.com
[06-Apr-2022 14:31:12 America/Argentina/Buenos_Aires] b16_31458418_edi
[06-Apr-2022 14:31:12 America/Argentina/Buenos_Aires] 2022-04-06 14:31:12.413006 | Fallo al establecerse la conexion con la base de datos.
[06-Apr-2022 14:31:28 America/Argentina/Buenos_Aires] 2022-04-06 14:31:28.137340 | sql102.byethost16.com:3306
[06-Apr-2022 14:31:28 America/Argentina/Buenos_Aires] 2022-04-06 14:31:28.159828 | incrustando Cors
[06-Apr-2022 14:31:28 America/Argentina/Buenos_Aires] 2022-04-06 14:31:28.165475 | Usuario
[06-Apr-2022 14:31:28 America/Argentina/Buenos_Aires] 2022-04-06 14:31:28.165867 | Authstat
[06-Apr-2022 14:31:28 America/Argentina/Buenos_Aires] 2022-04-06 14:31:28.168319 | Gestor_de_tokens
[06-Apr-2022 14:31:28 America/Argentina/Buenos_Aires] 2022-04-06 14:31:28.172851 | Jose\Component\Signature\Algorithm\ES256
[06-Apr-2022 14:31:28 America/Argentina/Buenos_Aires] 2022-04-06 14:31:28.172969 | Jose\Component\Signature\Algorithm\ES384
[06-Apr-2022 14:31:28 America/Argentina/Buenos_Aires] 2022-04-06 14:31:28.173070 | Jose\Component\Signature\Algorithm\ES512
[06-Apr-2022 14:31:28 America/Argentina/Buenos_Aires] 2022-04-06 14:31:28.173180 | Jose\Component\Signature\Algorithm\EdDSA
[06-Apr-2022 14:31:28 America/Argentina/Buenos_Aires] PHP Notice:  Undefined property: Usuario::$actualizar_password in /home/vol8_1/byethost16.com/b16_31458418/htdocs/app/models/usuario.php on line 119
[06-Apr-2022 14:31:28 America/Argentina/Buenos_Aires] 2022-04-06 14:31:28.213482 | Gestor_de_log
[06-Apr-2022 14:34:32 America/Argentina/Buenos_Aires] 2022-04-06 14:34:32.507851 | sql102.byethost16.com:3306
[06-Apr-2022 14:34:32 America/Argentina/Buenos_Aires] 2022-04-06 14:34:32.539513 | Livewire\CompilerEngineForIgnition
[06-Apr-2022 14:34:33 America/Argentina/Buenos_Aires] 2022-04-06 14:34:33.032269 | sql102.byethost16.com:3306
[06-Apr-2022 14:34:33 America/Argentina/Buenos_Aires] 2022-04-06 14:34:33.059312 | Livewire\CompilerEngineForIgnition
[06-Apr-2022 14:35:00 America/Argentina/Buenos_Aires] 2022-04-06 14:35:00.824521 | sql102.byethost16.com:3306
[06-Apr-2022 14:35:00 America/Argentina/Buenos_Aires] 2022-04-06 14:35:00.854686 | Livewire\CompilerEngineForIgnition
[06-Apr-2022 14:35:01 America/Argentina/Buenos_Aires] 2022-04-06 14:35:01.346151 | sql102.byethost16.com:3306
[06-Apr-2022 14:35:01 America/Argentina/Buenos_Aires] 2022-04-06 14:35:01.369490 | Livewire\CompilerEngineForIgnition
[06-Apr-2022 14:35:10 America/Argentina/Buenos_Aires] 2022-04-06 14:35:10.641754 | sql102.byethost16.com:3306
[06-Apr-2022 14:35:10 America/Argentina/Buenos_Aires] 2022-04-06 14:35:10.665765 | Livewire\CompilerEngineForIgnition
[06-Apr-2022 14:36:17 America/Argentina/Buenos_Aires] 2022-04-06 14:36:17.109100 | sql102.byethost16.com:3306
[06-Apr-2022 14:36:17 America/Argentina/Buenos_Aires] 2022-04-06 14:36:17.152981 | Livewire\CompilerEngineForIgnition
[06-Apr-2022 14:37:08 America/Argentina/Buenos_Aires] 2022-04-06 14:37:08.046511 | sql102.byethost16.com:3306
[06-Apr-2022 14:37:08 America/Argentina/Buenos_Aires] 2022-04-06 14:37:08.741503 | sql102.byethost16.com:3306
[06-Apr-2022 14:37:08 America/Argentina/Buenos_Aires] 2022-04-06 14:37:08.917260 | Livewire\CompilerEngineForIgnition
[06-Apr-2022 14:37:08 America/Argentina/Buenos_Aires] 2022-04-06 14:37:08.917262 | Livewire\CompilerEngineForIgnition
[06-Apr-2022 14:42:48 America/Argentina/Buenos_Aires] 2022-04-06 14:42:48.621513 | sql102.byethost16.com:3306
[06-Apr-2022 14:42:48 America/Argentina/Buenos_Aires] 2022-04-06 14:42:48.651706 | Livewire\CompilerEngineForIgnition
[06-Apr-2022 14:42:52 America/Argentina/Buenos_Aires] 2022-04-06 14:42:52.571362 | sql102.byethost16.com:3306
[06-Apr-2022 14:42:52 America/Argentina/Buenos_Aires] 2022-04-06 14:42:52.595720 | Livewire\CompilerEngineForIgnition
[06-Apr-2022 14:43:46 America/Argentina/Buenos_Aires] 2022-04-06 14:43:46.253825 | sql102.byethost16.com:3306
[06-Apr-2022 14:43:46 America/Argentina/Buenos_Aires] 2022-04-06 14:43:46.273176 | incrustando Cors
[06-Apr-2022 14:43:46 America/Argentina/Buenos_Aires] 2022-04-06 14:43:46.278368 | Usuario
[06-Apr-2022 14:43:46 America/Argentina/Buenos_Aires] 2022-04-06 14:43:46.278739 | Authstat
[06-Apr-2022 14:43:46 America/Argentina/Buenos_Aires] 2022-04-06 14:43:46.281000 | Gestor_de_tokens
[06-Apr-2022 14:43:46 America/Argentina/Buenos_Aires] 2022-04-06 14:43:46.284134 | Jose\Component\Signature\Algorithm\ES256
[06-Apr-2022 14:43:46 America/Argentina/Buenos_Aires] 2022-04-06 14:43:46.284209 | Jose\Component\Signature\Algorithm\ES384
[06-Apr-2022 14:43:46 America/Argentina/Buenos_Aires] 2022-04-06 14:43:46.284295 | Jose\Component\Signature\Algorithm\ES512
[06-Apr-2022 14:43:46 America/Argentina/Buenos_Aires] 2022-04-06 14:43:46.284354 | Jose\Component\Signature\Algorithm\EdDSA
[06-Apr-2022 14:43:46 America/Argentina/Buenos_Aires] PHP Notice:  Undefined property: Usuario::$actualizar_password in /home/vol8_1/byethost16.com/b16_31458418/htdocs/app/models/usuario.php on line 119
[06-Apr-2022 14:43:46 America/Argentina/Buenos_Aires] 2022-04-06 14:43:46.312320 | Gestor_de_log
[06-Apr-2022 14:43:48 America/Argentina/Buenos_Aires] 2022-04-06 14:43:48.781053 | sql102.byethost16.com:3306
[06-Apr-2022 14:43:48 America/Argentina/Buenos_Aires] 2022-04-06 14:43:48.797312 | incrustando Cors
[06-Apr-2022 14:43:48 America/Argentina/Buenos_Aires] 2022-04-06 14:43:48.802519 | Usuario
[06-Apr-2022 14:43:48 America/Argentina/Buenos_Aires] 2022-04-06 14:43:48.802892 | Authstat
[06-Apr-2022 14:43:48 America/Argentina/Buenos_Aires] 2022-04-06 14:43:48.804710 | Gestor_de_tokens
[06-Apr-2022 14:43:48 America/Argentina/Buenos_Aires] 2022-04-06 14:43:48.807893 | Jose\Component\Signature\Algorithm\ES256
[06-Apr-2022 14:43:48 America/Argentina/Buenos_Aires] 2022-04-06 14:43:48.807974 | Jose\Component\Signature\Algorithm\ES384
[06-Apr-2022 14:43:48 America/Argentina/Buenos_Aires] 2022-04-06 14:43:48.808038 | Jose\Component\Signature\Algorithm\ES512
[06-Apr-2022 14:43:48 America/Argentina/Buenos_Aires] 2022-04-06 14:43:48.808095 | Jose\Component\Signature\Algorithm\EdDSA
[06-Apr-2022 14:43:48 America/Argentina/Buenos_Aires] PHP Notice:  Undefined property: Usuario::$actualizar_password in /home/vol8_1/byethost16.com/b16_31458418/htdocs/app/models/usuario.php on line 119
[06-Apr-2022 14:43:48 America/Argentina/Buenos_Aires] 2022-04-06 14:43:48.834901 | Gestor_de_log
[06-Apr-2022 14:49:09 America/Argentina/Buenos_Aires] 2022-04-06 14:49:09.931376 | sql102.byethost16.com:3306
[06-Apr-2022 14:49:09 America/Argentina/Buenos_Aires] 2022-04-06 14:49:09.951007 | incrustando Cors
[06-Apr-2022 14:49:18 America/Argentina/Buenos_Aires] 2022-04-06 14:49:18.167572 | sql102.byethost16.com:3306
[06-Apr-2022 14:49:18 America/Argentina/Buenos_Aires] 2022-04-06 14:49:18.184934 | incrustando Cors
[06-Apr-2022 14:49:18 America/Argentina/Buenos_Aires] 2022-04-06 14:49:18.190628 | Usuario
[06-Apr-2022 14:49:18 America/Argentina/Buenos_Aires] 2022-04-06 14:49:18.191017 | Authstat
[06-Apr-2022 14:49:18 America/Argentina/Buenos_Aires] 2022-04-06 14:49:18.194611 | Gestor_de_tokens
[06-Apr-2022 14:49:18 America/Argentina/Buenos_Aires] 2022-04-06 14:49:18.197785 | Jose\Component\Signature\Algorithm\ES256
[06-Apr-2022 14:49:18 America/Argentina/Buenos_Aires] 2022-04-06 14:49:18.197866 | Jose\Component\Signature\Algorithm\ES384
[06-Apr-2022 14:49:18 America/Argentina/Buenos_Aires] 2022-04-06 14:49:18.197928 | Jose\Component\Signature\Algorithm\ES512
[06-Apr-2022 14:49:18 America/Argentina/Buenos_Aires] 2022-04-06 14:49:18.197985 | Jose\Component\Signature\Algorithm\EdDSA
[06-Apr-2022 14:49:18 America/Argentina/Buenos_Aires] PHP Notice:  Undefined property: Usuario::$actualizar_password in /home/vol8_1/byethost16.com/b16_31458418/htdocs/app/models/usuario.php on line 119
[06-Apr-2022 14:49:18 America/Argentina/Buenos_Aires] 2022-04-06 14:49:18.224750 | Gestor_de_log
[06-Apr-2022 14:49:48 America/Argentina/Buenos_Aires] 2022-04-06 14:49:48.676884 | sql102.byethost16.com:3306
[06-Apr-2022 14:49:48 America/Argentina/Buenos_Aires] 2022-04-06 14:49:48.697502 | incrustando Cors
[06-Apr-2022 14:49:48 America/Argentina/Buenos_Aires] 2022-04-06 14:49:48.702932 | Usuario
[06-Apr-2022 14:49:48 America/Argentina/Buenos_Aires] 2022-04-06 14:49:48.703325 | Authstat
[06-Apr-2022 14:49:48 America/Argentina/Buenos_Aires] 2022-04-06 14:49:48.705038 | Gestor_de_tokens
[06-Apr-2022 14:49:48 America/Argentina/Buenos_Aires] 2022-04-06 14:49:48.708310 | Jose\Component\Signature\Algorithm\ES256
[06-Apr-2022 14:49:48 America/Argentina/Buenos_Aires] 2022-04-06 14:49:48.708383 | Jose\Component\Signature\Algorithm\ES384
[06-Apr-2022 14:49:48 America/Argentina/Buenos_Aires] 2022-04-06 14:49:48.708458 | Jose\Component\Signature\Algorithm\ES512
[06-Apr-2022 14:49:48 America/Argentina/Buenos_Aires] 2022-04-06 14:49:48.708514 | Jose\Component\Signature\Algorithm\EdDSA
[06-Apr-2022 14:49:48 America/Argentina/Buenos_Aires] PHP Notice:  Undefined property: Usuario::$actualizar_password in /home/vol8_1/byethost16.com/b16_31458418/htdocs/app/models/usuario.php on line 119
[06-Apr-2022 14:49:48 America/Argentina/Buenos_Aires] 2022-04-06 14:49:48.735241 | Gestor_de_log
[06-Apr-2022 14:50:27 America/Argentina/Buenos_Aires] 2022-04-06 14:50:27.337475 | sql102.byethost16.com:3306
[06-Apr-2022 14:50:27 America/Argentina/Buenos_Aires] 2022-04-06 14:50:27.353218 | incrustando Cors
[06-Apr-2022 14:50:27 America/Argentina/Buenos_Aires] 2022-04-06 14:50:27.358567 | Usuario
[06-Apr-2022 14:50:27 America/Argentina/Buenos_Aires] 2022-04-06 14:50:27.358957 | Authstat
[06-Apr-2022 14:50:27 America/Argentina/Buenos_Aires] 2022-04-06 14:50:27.361682 | Gestor_de_tokens
[06-Apr-2022 14:50:27 America/Argentina/Buenos_Aires] 2022-04-06 14:50:27.364883 | Jose\Component\Signature\Algorithm\ES256
[06-Apr-2022 14:50:27 America/Argentina/Buenos_Aires] 2022-04-06 14:50:27.364958 | Jose\Component\Signature\Algorithm\ES384
[06-Apr-2022 14:50:27 America/Argentina/Buenos_Aires] 2022-04-06 14:50:27.365021 | Jose\Component\Signature\Algorithm\ES512
[06-Apr-2022 14:50:27 America/Argentina/Buenos_Aires] 2022-04-06 14:50:27.365078 | Jose\Component\Signature\Algorithm\EdDSA
[06-Apr-2022 14:50:27 America/Argentina/Buenos_Aires] PHP Notice:  Undefined property: Usuario::$actualizar_password in /home/vol8_1/byethost16.com/b16_31458418/htdocs/app/models/usuario.php on line 119
[06-Apr-2022 14:50:27 America/Argentina/Buenos_Aires] 2022-04-06 14:50:27.392304 | Gestor_de_log
[06-Apr-2022 14:51:54 America/Argentina/Buenos_Aires] 2022-04-06 14:51:54.204469 | sql102.byethost16.com:3306
[06-Apr-2022 14:51:54 America/Argentina/Buenos_Aires] 2022-04-06 14:51:54.227658 | incrustando Cors
[06-Apr-2022 14:51:54 America/Argentina/Buenos_Aires] 2022-04-06 14:51:54.260716 | Usuario
[06-Apr-2022 14:51:54 America/Argentina/Buenos_Aires] 2022-04-06 14:51:54.261168 | Authstat
[06-Apr-2022 14:51:54 America/Argentina/Buenos_Aires] 2022-04-06 14:51:54.263058 | Gestor_de_tokens
[06-Apr-2022 14:51:54 America/Argentina/Buenos_Aires] 2022-04-06 14:51:54.266390 | Jose\Component\Signature\Algorithm\ES256
[06-Apr-2022 14:51:54 America/Argentina/Buenos_Aires] 2022-04-06 14:51:54.266470 | Jose\Component\Signature\Algorithm\ES384
[06-Apr-2022 14:51:54 America/Argentina/Buenos_Aires] 2022-04-06 14:51:54.266532 | Jose\Component\Signature\Algorithm\ES512
[06-Apr-2022 14:51:54 America/Argentina/Buenos_Aires] 2022-04-06 14:51:54.266590 | Jose\Component\Signature\Algorithm\EdDSA
[06-Apr-2022 14:51:54 America/Argentina/Buenos_Aires] PHP Notice:  Undefined property: Usuario::$actualizar_password in /home/vol8_1/byethost16.com/b16_31458418/htdocs/app/models/usuario.php on line 119
[06-Apr-2022 14:51:54 America/Argentina/Buenos_Aires] 2022-04-06 14:51:54.294225 | Gestor_de_log
[06-Apr-2022 14:52:09 America/Argentina/Buenos_Aires] 2022-04-06 14:52:09.037353 | sql102.byethost16.com:3306
[06-Apr-2022 14:52:09 America/Argentina/Buenos_Aires] 2022-04-06 14:52:09.053963 | incrustando Cors
[06-Apr-2022 14:52:09 America/Argentina/Buenos_Aires] 2022-04-06 14:52:09.059244 | Usuario
[06-Apr-2022 14:52:09 America/Argentina/Buenos_Aires] 2022-04-06 14:52:09.059655 | Authstat
[06-Apr-2022 14:52:09 America/Argentina/Buenos_Aires] 2022-04-06 14:52:09.061527 | Gestor_de_tokens
[06-Apr-2022 14:52:09 America/Argentina/Buenos_Aires] 2022-04-06 14:52:09.064687 | Jose\Component\Signature\Algorithm\ES256
[06-Apr-2022 14:52:09 America/Argentina/Buenos_Aires] 2022-04-06 14:52:09.064760 | Jose\Component\Signature\Algorithm\ES384
[06-Apr-2022 14:52:09 America/Argentina/Buenos_Aires] 2022-04-06 14:52:09.064820 | Jose\Component\Signature\Algorithm\ES512
[06-Apr-2022 14:52:09 America/Argentina/Buenos_Aires] 2022-04-06 14:52:09.064889 | Jose\Component\Signature\Algorithm\EdDSA
[06-Apr-2022 14:52:09 America/Argentina/Buenos_Aires] PHP Notice:  Undefined property: Usuario::$actualizar_password in /home/vol8_1/byethost16.com/b16_31458418/htdocs/app/models/usuario.php on line 119
[06-Apr-2022 14:52:09 America/Argentina/Buenos_Aires] 2022-04-06 14:52:09.092112 | Gestor_de_log
[06-Apr-2022 14:52:35 America/Argentina/Buenos_Aires] 2022-04-06 14:52:35.723838 | sql102.byethost16.com:3306
[06-Apr-2022 14:52:35 America/Argentina/Buenos_Aires] 2022-04-06 14:52:35.746819 | incrustando Cors
[06-Apr-2022 14:52:35 America/Argentina/Buenos_Aires] 2022-04-06 14:52:35.752151 | Usuario
[06-Apr-2022 14:52:35 America/Argentina/Buenos_Aires] 2022-04-06 14:52:35.752530 | Authstat
[06-Apr-2022 14:52:41 America/Argentina/Buenos_Aires] 2022-04-06 14:52:41.837845 | sql102.byethost16.com:3306
[06-Apr-2022 14:52:41 America/Argentina/Buenos_Aires] 2022-04-06 14:52:41.853502 | incrustando Cors
[06-Apr-2022 14:52:41 America/Argentina/Buenos_Aires] 2022-04-06 14:52:41.858842 | Usuario
[06-Apr-2022 14:52:41 America/Argentina/Buenos_Aires] 2022-04-06 14:52:41.859238 | Authstat
[06-Apr-2022 14:52:41 America/Argentina/Buenos_Aires] 2022-04-06 14:52:41.861468 | Gestor_de_tokens
[06-Apr-2022 14:52:41 America/Argentina/Buenos_Aires] 2022-04-06 14:52:41.864701 | Jose\Component\Signature\Algorithm\ES256
[06-Apr-2022 14:52:41 America/Argentina/Buenos_Aires] 2022-04-06 14:52:41.864777 | Jose\Component\Signature\Algorithm\ES384
[06-Apr-2022 14:52:41 America/Argentina/Buenos_Aires] 2022-04-06 14:52:41.864842 | Jose\Component\Signature\Algorithm\ES512
[06-Apr-2022 14:52:41 America/Argentina/Buenos_Aires] 2022-04-06 14:52:41.864907 | Jose\Component\Signature\Algorithm\EdDSA
[06-Apr-2022 14:52:41 America/Argentina/Buenos_Aires] PHP Notice:  Undefined property: Usuario::$actualizar_password in /home/vol8_1/byethost16.com/b16_31458418/htdocs/app/models/usuario.php on line 119
[06-Apr-2022 14:52:41 America/Argentina/Buenos_Aires] 2022-04-06 14:52:41.891722 | Gestor_de_log
[06-Apr-2022 14:52:47 America/Argentina/Buenos_Aires] 2022-04-06 14:52:47.905592 | sql102.byethost16.com:3306
[06-Apr-2022 14:52:47 America/Argentina/Buenos_Aires] 2022-04-06 14:52:47.919559 | incrustando Cors
[06-Apr-2022 14:52:47 America/Argentina/Buenos_Aires] 2022-04-06 14:52:47.924800 | Usuario
[06-Apr-2022 14:52:47 America/Argentina/Buenos_Aires] 2022-04-06 14:52:47.925182 | Authstat
[06-Apr-2022 14:52:47 America/Argentina/Buenos_Aires] 2022-04-06 14:52:47.927660 | Gestor_de_tokens
[06-Apr-2022 14:52:47 America/Argentina/Buenos_Aires] 2022-04-06 14:52:47.930866 | Jose\Component\Signature\Algorithm\ES256
[06-Apr-2022 14:52:47 America/Argentina/Buenos_Aires] 2022-04-06 14:52:47.930942 | Jose\Component\Signature\Algorithm\ES384
[06-Apr-2022 14:52:47 America/Argentina/Buenos_Aires] 2022-04-06 14:52:47.931005 | Jose\Component\Signature\Algorithm\ES512
[06-Apr-2022 14:52:47 America/Argentina/Buenos_Aires] 2022-04-06 14:52:47.931073 | Jose\Component\Signature\Algorithm\EdDSA
[06-Apr-2022 14:52:47 America/Argentina/Buenos_Aires] PHP Notice:  Undefined property: Usuario::$actualizar_password in /home/vol8_1/byethost16.com/b16_31458418/htdocs/app/models/usuario.php on line 119
[06-Apr-2022 14:52:47 America/Argentina/Buenos_Aires] 2022-04-06 14:52:47.957186 | Gestor_de_log
[06-Apr-2022 14:54:05 America/Argentina/Buenos_Aires] 2022-04-06 14:54:05.875905 | sql102.byethost16.com:3306
[06-Apr-2022 14:54:05 America/Argentina/Buenos_Aires] 2022-04-06 14:54:05.904544 | Livewire\CompilerEngineForIgnition
[06-Apr-2022 14:54:33 America/Argentina/Buenos_Aires] 2022-04-06 14:54:33.837755 | sql102.byethost16.com:3306
[06-Apr-2022 14:54:33 America/Argentina/Buenos_Aires] 2022-04-06 14:54:33.857758 | incrustando Cors
[06-Apr-2022 14:54:33 America/Argentina/Buenos_Aires] 2022-04-06 14:54:33.857881 | Gestor_de_tokens
[06-Apr-2022 14:54:33 America/Argentina/Buenos_Aires] 2022-04-06 14:54:33.861389 | Jose\Component\Signature\Algorithm\ES256
[06-Apr-2022 14:54:33 America/Argentina/Buenos_Aires] 2022-04-06 14:54:33.861464 | Jose\Component\Signature\Algorithm\ES384
[06-Apr-2022 14:54:33 America/Argentina/Buenos_Aires] 2022-04-06 14:54:33.861539 | Jose\Component\Signature\Algorithm\ES512
[06-Apr-2022 14:54:33 America/Argentina/Buenos_Aires] 2022-04-06 14:54:33.861599 | Jose\Component\Signature\Algorithm\EdDSA
[06-Apr-2022 14:54:33 America/Argentina/Buenos_Aires] 2022-04-06 14:54:33.877047 | Usuario
[06-Apr-2022 14:54:33 America/Argentina/Buenos_Aires] 2022-04-06 14:54:33.879366 | false
[06-Apr-2022 14:54:33 America/Argentina/Buenos_Aires] 2022-04-06 14:54:33.879519 | Jose\Component\Signature\Algorithm\ES256
[06-Apr-2022 14:54:33 America/Argentina/Buenos_Aires] 2022-04-06 14:54:33.879564 | Jose\Component\Signature\Algorithm\ES384
[06-Apr-2022 14:54:33 America/Argentina/Buenos_Aires] 2022-04-06 14:54:33.879597 | Jose\Component\Signature\Algorithm\ES512
[06-Apr-2022 14:54:33 America/Argentina/Buenos_Aires] 2022-04-06 14:54:33.879628 | Jose\Component\Signature\Algorithm\EdDSA
[06-Apr-2022 14:54:33 America/Argentina/Buenos_Aires] 2022-04-06 14:54:33.884188 | Logger
[06-Apr-2022 14:54:33 America/Argentina/Buenos_Aires] 2022-04-06 14:54:33.884417 | Logueando
[06-Apr-2022 14:54:33 America/Argentina/Buenos_Aires] 2022-04-06 14:54:33.884460 | /home/vol8_1/byethost16.com/b16_31458418/htdocs/storage
[06-Apr-2022 14:54:33 America/Argentina/Buenos_Aires] PHP Warning:  file_put_contents(/home/vol8_1/byethost16.com/b16_31458418/htdocs/storage): failed to open stream: Is a directory in /home/vol8_1/byethost16.com/b16_31458418/htdocs/app/Classes/logger.php on line 38
[06-Apr-2022 14:55:26 America/Argentina/Buenos_Aires] 2022-04-06 14:55:26.594150 | sql102.byethost16.com:3306
[06-Apr-2022 14:55:26 America/Argentina/Buenos_Aires] 2022-04-06 14:55:26.620075 | incrustando Cors
[06-Apr-2022 14:55:26 America/Argentina/Buenos_Aires] 2022-04-06 14:55:26.620213 | Gestor_de_tokens
[06-Apr-2022 14:55:26 America/Argentina/Buenos_Aires] 2022-04-06 14:55:26.623806 | Jose\Component\Signature\Algorithm\ES256
[06-Apr-2022 14:55:26 America/Argentina/Buenos_Aires] 2022-04-06 14:55:26.623881 | Jose\Component\Signature\Algorithm\ES384
[06-Apr-2022 14:55:26 America/Argentina/Buenos_Aires] 2022-04-06 14:55:26.623949 | Jose\Component\Signature\Algorithm\ES512
[06-Apr-2022 14:55:26 America/Argentina/Buenos_Aires] 2022-04-06 14:55:26.624007 | Jose\Component\Signature\Algorithm\EdDSA
[06-Apr-2022 14:55:26 America/Argentina/Buenos_Aires] 2022-04-06 14:55:26.638697 | Usuario
[06-Apr-2022 14:55:26 America/Argentina/Buenos_Aires] 2022-04-06 14:55:26.640587 | false
[06-Apr-2022 14:55:26 America/Argentina/Buenos_Aires] 2022-04-06 14:55:26.640693 | Jose\Component\Signature\Algorithm\ES256
[06-Apr-2022 14:55:26 America/Argentina/Buenos_Aires] 2022-04-06 14:55:26.640737 | Jose\Component\Signature\Algorithm\ES384
[06-Apr-2022 14:55:26 America/Argentina/Buenos_Aires] 2022-04-06 14:55:26.640771 | Jose\Component\Signature\Algorithm\ES512
[06-Apr-2022 14:55:26 America/Argentina/Buenos_Aires] 2022-04-06 14:55:26.640802 | Jose\Component\Signature\Algorithm\EdDSA
[06-Apr-2022 14:55:26 America/Argentina/Buenos_Aires] 2022-04-06 14:55:26.644788 | Logger
[06-Apr-2022 14:55:26 America/Argentina/Buenos_Aires] 2022-04-06 14:55:26.645031 | Logueando
[06-Apr-2022 14:55:26 America/Argentina/Buenos_Aires] 2022-04-06 14:55:26.645077 | /home/vol8_1/byethost16.com/b16_31458418/htdocs/storage
[06-Apr-2022 14:55:26 America/Argentina/Buenos_Aires] PHP Warning:  file_put_contents(/home/vol8_1/byethost16.com/b16_31458418/htdocs/storage): failed to open stream: Is a directory in /home/vol8_1/byethost16.com/b16_31458418/htdocs/app/Classes/logger.php on line 38
[06-Apr-2022 14:55:26 America/Argentina/Buenos_Aires] 2022-04-06 14:55:26.646553 | Authstat
[06-Apr-2022 14:55:26 America/Argentina/Buenos_Aires] 2022-04-06 14:55:26.654795 | Gestor_de_log
[06-Apr-2022 14:55:50 America/Argentina/Buenos_Aires] 2022-04-06 14:55:50.880415 | sql102.byethost16.com:3306
[06-Apr-2022 14:55:50 America/Argentina/Buenos_Aires] 2022-04-06 14:55:50.897673 | incrustando Cors
[06-Apr-2022 14:55:50 America/Argentina/Buenos_Aires] 2022-04-06 14:55:50.902995 | Usuario
[06-Apr-2022 14:55:50 America/Argentina/Buenos_Aires] 2022-04-06 14:55:50.903378 | Authstat
[06-Apr-2022 14:55:50 America/Argentina/Buenos_Aires] 2022-04-06 14:55:50.905544 | Gestor_de_tokens
[06-Apr-2022 14:55:50 America/Argentina/Buenos_Aires] 2022-04-06 14:55:50.908718 | Jose\Component\Signature\Algorithm\ES256
[06-Apr-2022 14:55:50 America/Argentina/Buenos_Aires] 2022-04-06 14:55:50.908790 | Jose\Component\Signature\Algorithm\ES384
[06-Apr-2022 14:55:50 America/Argentina/Buenos_Aires] 2022-04-06 14:55:50.908856 | Jose\Component\Signature\Algorithm\ES512
[06-Apr-2022 14:55:50 America/Argentina/Buenos_Aires] 2022-04-06 14:55:50.908915 | Jose\Component\Signature\Algorithm\EdDSA
[06-Apr-2022 14:55:50 America/Argentina/Buenos_Aires] PHP Notice:  Undefined property: Usuario::$actualizar_password in /home/vol8_1/byethost16.com/b16_31458418/htdocs/app/models/usuario.php on line 119
[06-Apr-2022 14:55:50 America/Argentina/Buenos_Aires] 2022-04-06 14:55:50.936939 | Gestor_de_log
[06-Apr-2022 14:57:32 America/Argentina/Buenos_Aires] 2022-04-06 14:57:32.786852 | sql102.byethost16.com:3306
[06-Apr-2022 14:57:32 America/Argentina/Buenos_Aires] 2022-04-06 14:57:32.810020 | incrustando Cors
[06-Apr-2022 14:57:32 America/Argentina/Buenos_Aires] 2022-04-06 14:57:32.810135 | Gestor_de_tokens
[06-Apr-2022 14:57:32 America/Argentina/Buenos_Aires] 2022-04-06 14:57:32.813694 | Jose\Component\Signature\Algorithm\ES256
[06-Apr-2022 14:57:32 America/Argentina/Buenos_Aires] 2022-04-06 14:57:32.813767 | Jose\Component\Signature\Algorithm\ES384
[06-Apr-2022 14:57:32 America/Argentina/Buenos_Aires] 2022-04-06 14:57:32.813826 | Jose\Component\Signature\Algorithm\ES512
[06-Apr-2022 14:57:32 America/Argentina/Buenos_Aires] 2022-04-06 14:57:32.813896 | Jose\Component\Signature\Algorithm\EdDSA
[06-Apr-2022 14:57:32 America/Argentina/Buenos_Aires] 2022-04-06 14:57:32.828569 | Usuario
[06-Apr-2022 14:57:32 America/Argentina/Buenos_Aires] 2022-04-06 14:57:32.831130 | false
[06-Apr-2022 14:57:32 America/Argentina/Buenos_Aires] 2022-04-06 14:57:32.831228 | Jose\Component\Signature\Algorithm\ES256
[06-Apr-2022 14:57:32 America/Argentina/Buenos_Aires] 2022-04-06 14:57:32.831272 | Jose\Component\Signature\Algorithm\ES384
[06-Apr-2022 14:57:32 America/Argentina/Buenos_Aires] 2022-04-06 14:57:32.831305 | Jose\Component\Signature\Algorithm\ES512
[06-Apr-2022 14:57:32 America/Argentina/Buenos_Aires] 2022-04-06 14:57:32.831338 | Jose\Component\Signature\Algorithm\EdDSA
[06-Apr-2022 14:57:32 America/Argentina/Buenos_Aires] 2022-04-06 14:57:32.836709 | Logger
[06-Apr-2022 14:57:32 America/Argentina/Buenos_Aires] 2022-04-06 14:57:32.836990 | Logueando
[06-Apr-2022 14:57:32 America/Argentina/Buenos_Aires] 2022-04-06 14:57:32.837044 | /home/vol8_1/byethost16.com/b16_31458418/htdocs/storage
[06-Apr-2022 14:57:32 America/Argentina/Buenos_Aires] PHP Warning:  file_put_contents(/home/vol8_1/byethost16.com/b16_31458418/htdocs/storage): failed to open stream: Is a directory in /home/vol8_1/byethost16.com/b16_31458418/htdocs/app/Classes/logger.php on line 38
[06-Apr-2022 14:58:04 America/Argentina/Buenos_Aires] 2022-04-06 14:58:04.561431 | sql102.byethost16.com:3306
[06-Apr-2022 14:58:04 America/Argentina/Buenos_Aires] 2022-04-06 14:58:04.576584 | incrustando Cors
[06-Apr-2022 14:58:04 America/Argentina/Buenos_Aires] 2022-04-06 14:58:04.576698 | Gestor_de_tokens
[06-Apr-2022 14:58:04 America/Argentina/Buenos_Aires] 2022-04-06 14:58:04.580336 | Jose\Component\Signature\Algorithm\ES256
[06-Apr-2022 14:58:04 America/Argentina/Buenos_Aires] 2022-04-06 14:58:04.580412 | Jose\Component\Signature\Algorithm\ES384
[06-Apr-2022 14:58:04 America/Argentina/Buenos_Aires] 2022-04-06 14:58:04.580517 | Jose\Component\Signature\Algorithm\ES512
[06-Apr-2022 14:58:04 America/Argentina/Buenos_Aires] 2022-04-06 14:58:04.580582 | Jose\Component\Signature\Algorithm\EdDSA
[06-Apr-2022 14:58:04 America/Argentina/Buenos_Aires] 2022-04-06 14:58:04.598152 | Usuario
[06-Apr-2022 14:58:04 America/Argentina/Buenos_Aires] 2022-04-06 14:58:04.602860 | false
[06-Apr-2022 14:58:04 America/Argentina/Buenos_Aires] 2022-04-06 14:58:04.603034 | Jose\Component\Signature\Algorithm\ES256
[06-Apr-2022 14:58:04 America/Argentina/Buenos_Aires] 2022-04-06 14:58:04.603168 | Jose\Component\Signature\Algorithm\ES384
[06-Apr-2022 14:58:04 America/Argentina/Buenos_Aires] 2022-04-06 14:58:04.603259 | Jose\Component\Signature\Algorithm\ES512
[06-Apr-2022 14:58:04 America/Argentina/Buenos_Aires] 2022-04-06 14:58:04.603293 | Jose\Component\Signature\Algorithm\EdDSA
[06-Apr-2022 14:58:04 America/Argentina/Buenos_Aires] 2022-04-06 14:58:04.610490 | Logger
[06-Apr-2022 14:58:04 America/Argentina/Buenos_Aires] 2022-04-06 14:58:04.610812 | Logueando
[06-Apr-2022 14:58:04 America/Argentina/Buenos_Aires] 2022-04-06 14:58:04.610916 | /home/vol8_1/byethost16.com/b16_31458418/htdocs/storage
[06-Apr-2022 14:58:04 America/Argentina/Buenos_Aires] PHP Warning:  file_put_contents(/home/vol8_1/byethost16.com/b16_31458418/htdocs/storage): failed to open stream: Is a directory in /home/vol8_1/byethost16.com/b16_31458418/htdocs/app/Classes/logger.php on line 38
[06-Apr-2022 14:58:04 America/Argentina/Buenos_Aires] 2022-04-06 14:58:04.611104 | Container
[06-Apr-2022 14:58:04 America/Argentina/Buenos_Aires] 2022-04-06 14:58:04.625126 | Authstat
[06-Apr-2022 14:58:04 America/Argentina/Buenos_Aires] 2022-04-06 14:58:04.631153 | Tipocontainer
[06-Apr-2022 14:58:04 America/Argentina/Buenos_Aires] 2022-04-06 14:58:04.631730 | Tipo_ingreso
[06-Apr-2022 14:58:04 America/Argentina/Buenos_Aires] 2022-04-06 14:58:04.642308 | Cliente
[06-Apr-2022 14:58:04 America/Argentina/Buenos_Aires] 2022-04-06 14:58:04.654159 | Ie
